log: main.py base_patch /root/take_an_emotion_walk/taew_net 

wsx: load_edin_data()
log: load_edin_labels()
[log]: num_labels)
 [4, 3, 3]
[log]: np.cumsum(num_labels)
 [ 4  7 10]
log: label_partitions (4,)
log  rotations_train.shape: (3157, 48, 84)
log  affective_features_train.shape (3157, 48, 18)
log  affective_features: (3508, 48, 18)
[03.07.21|06:10:27] Training epoch: 0
[03.07.21|06:10:28] 	Iter 0 Done. | loss: 6.6303 | aps: [0.         1.         0.98214286 1.        ] | mean_ap: 0.9940 | f1: 0.4688 | lr: 0.001000 | tr: 1.000000
[03.07.21|06:11:10] 	Iter 100 Done. | loss: 4.6863 | aps: [0. 1. 1. 1.] | mean_ap: 1.0000 | f1: 0.5513 | lr: 0.001000 | tr: 1.000000
[03.07.21|06:11:50] 	mean_loss: 4.617308208785081. Best so far: inf (epoch: 0).
[03.07.21|06:11:50] 	mean_aps: [0.28415116 0.93354803 0.97326289 0.96498579]. Best so far: 0 (epoch: 0).
[03.07.21|06:11:50] 	mean_mean_ap: 0.9683672665080033. Best so far: 0.0 (epoch: 0).
[03.07.21|06:11:50] Time consumption:
[03.07.21|06:11:50] Done.
[03.07.21|06:11:50] Eval epoch: 0
[03.07.21|06:11:57] 	mean_loss: 3.8756429013751803. Best so far: 3.8756429013751803 (epoch: 0).
[03.07.21|06:11:57] 	mean_aps: [0.09057239 0.66880385 0.8820605  0.85750573]. Best so far: 0 (epoch: 0).
[03.07.21|06:11:57] 	mean_mean_ap: 0.7708176742317899. Best so far: 0.7708176742317899 (epoch: 0).
[03.07.21|06:11:57] Done.
[03.07.21|06:11:58] Training epoch: 1
[03.07.21|06:12:00] 	Iter 200 Done. | loss: 4.2012 | aps: [0.         1.         0.89285714 0.97619048] | mean_ap: 0.9563 | f1: 0.4788 | lr: 0.000999 | tr: 0.995000
[03.07.21|06:12:42] 	Iter 300 Done. | loss: 3.7464 | aps: [1. 1. 1. 1.] | mean_ap: 1.0000 | f1: 0.4970 | lr: 0.000999 | tr: 0.995000
[03.07.21|06:13:21] 	mean_loss: 3.825866489846089. Best so far: 3.8756429013751803 (epoch: 0).
[03.07.21|06:13:21] 	mean_aps: [0.28781726 0.94406654 0.97706787 0.95749005]. Best so far: 0 (epoch: 0).
[03.07.21|06:13:21] 	mean_mean_ap: 0.9635050913029873. Best so far: 0.7708176742317899 (epoch: 0).
[03.07.21|06:13:21] Time consumption:
[03.07.21|06:13:21] Done.
[03.07.21|06:13:21] Eval epoch: 1
[03.07.21|06:13:28] 	mean_loss: 3.659588507243565. Best so far: 3.659588507243565 (epoch: 1).
[03.07.21|06:13:28] 	mean_aps: [0.09503023 0.61803666 0.81503514 0.80972687]. Best so far: 0 (epoch: 0).
[03.07.21|06:13:28] 	mean_mean_ap: 0.742741609926984. Best so far: 0.7708176742317899 (epoch: 0).
[03.07.21|06:13:28] Done.
[03.07.21|06:13:28] Training epoch: 2
[03.07.21|06:13:32] 	Iter 400 Done. | loss: 3.7225 | aps: [0. 1. 1. 1.] | mean_ap: 1.0000 | f1: 0.5636 | lr: 0.000998 | tr: 0.990025
[03.07.21|06:14:14] 	Iter 500 Done. | loss: 3.6547 | aps: [0. 1. 1. 1.] | mean_ap: 1.0000 | f1: 0.4365 | lr: 0.000998 | tr: 0.990025
[03.07.21|06:14:51] 	mean_loss: 3.644989184316645. Best so far: 3.659588507243565 (epoch: 1).
[03.07.21|06:14:51] 	mean_aps: [0.28718878 0.90837113 0.97012334 0.94630094]. Best so far: 0 (epoch: 0).
[03.07.21|06:14:51] 	mean_mean_ap: 0.9636426389149149. Best so far: 0.7708176742317899 (epoch: 0).
[03.07.21|06:14:51] Time consumption:
[03.07.21|06:14:51] Done.
[03.07.21|06:14:51] Eval epoch: 2
[03.07.21|06:14:58] 	mean_loss: 3.6029921826862155. Best so far: 3.6029921826862155 (epoch: 2).
[03.07.21|06:14:58] 	mean_aps: [0.12876039 0.6679798  0.82740012 0.82618616]. Best so far: 0 (epoch: 0).
[03.07.21|06:14:58] 	mean_mean_ap: 0.7678603474819461. Best so far: 0.7708176742317899 (epoch: 0).
[03.07.21|06:14:58] Done.
[03.07.21|06:14:59] Training epoch: 3
[03.07.21|06:15:04] 	Iter 600 Done. | loss: 3.6532 | aps: [1.     0.875  0.8875 0.9   ] | mean_ap: 0.9156 | f1: 0.5326 | lr: 0.000997 | tr: 0.985075
[03.07.21|06:15:45] 	Iter 700 Done. | loss: 3.5715 | aps: [1. 1. 1. 1.] | mean_ap: 1.0000 | f1: 0.8143 | lr: 0.000997 | tr: 0.985075
[03.07.21|06:16:22] 	mean_loss: 3.6006775725311435. Best so far: 3.6029921826862155 (epoch: 2).
[03.07.21|06:16:22] 	mean_aps: [0.28384095 0.92115689 0.97509482 0.9406955 ]. Best so far: 0 (epoch: 0).
[03.07.21|06:16:22] 	mean_mean_ap: 0.960707631416214. Best so far: 0.7708176742317899 (epoch: 0).
[03.07.21|06:16:22] Time consumption:
[03.07.21|06:16:22] Done.
[03.07.21|06:16:22] Eval epoch: 3
[03.07.21|06:16:29] 	mean_loss: 3.580452101571219. Best so far: 3.580452101571219 (epoch: 3).
[03.07.21|06:16:29] 	mean_aps: [0.29761905 0.51493197 0.87647036 0.8397276 ]. Best so far: 0 (epoch: 3).
[03.07.21|06:16:29] 	mean_mean_ap: 0.7852887990099818. Best so far: 0.7852887990099818 (epoch: 3).
[03.07.21|06:16:29] Done.
[03.07.21|06:16:29] Training epoch: 4
[03.07.21|06:16:36] 	Iter 800 Done. | loss: 3.5866 | aps: [1.    1.    1.    0.835] | mean_ap: 0.9587 | f1: 0.5208 | lr: 0.000996 | tr: 0.980150
[03.07.21|06:17:17] 	Iter 900 Done. | loss: 3.5797 | aps: [0. 1. 1. 1.] | mean_ap: 1.0000 | f1: 0.5250 | lr: 0.000996 | tr: 0.980150
[03.07.21|06:17:53] 	mean_loss: 3.579240167201473. Best so far: 3.580452101571219 (epoch: 3).
[03.07.21|06:17:53] 	mean_aps: [0.30033841 0.91596155 0.9789487  0.94227371]. Best so far: 0 (epoch: 3).
[03.07.21|06:17:53] 	mean_mean_ap: 0.9634366906600584. Best so far: 0.7852887990099818 (epoch: 3).
[03.07.21|06:17:53] Time consumption:
[03.07.21|06:17:53] Done.
[03.07.21|06:17:53] Eval epoch: 4
[03.07.21|06:18:00] 	mean_loss: 3.5695816789354597. Best so far: 3.5695816789354597 (epoch: 4).
[03.07.21|06:18:00] 	mean_aps: [0.16190476 0.58227513 0.80146518 0.83093294]. Best so far: 0 (epoch: 3).
[03.07.21|06:18:00] 	mean_mean_ap: 0.7502776571186435. Best so far: 0.7852887990099818 (epoch: 3).
[03.07.21|06:18:00] Done.
[03.07.21|06:18:00] Training epoch: 5
[03.07.21|06:18:08] 	Iter 1000 Done. | loss: 3.5370 | aps: [0. 1. 1. 1.] | mean_ap: 1.0000 | f1: 0.5237 | lr: 0.000995 | tr: 0.975249
[03.07.21|06:18:49] 	Iter 1100 Done. | loss: 3.6012 | aps: [0. 1. 1. 1.] | mean_ap: 1.0000 | f1: 0.4583 | lr: 0.000995 | tr: 0.975249
[03.07.21|06:19:23] 	mean_loss: 3.564473037187218. Best so far: 3.5695816789354597 (epoch: 4).
[03.07.21|06:19:23] 	mean_aps: [0.28257191 0.9066457  0.97548713 0.94188857]. Best so far: 0 (epoch: 3).
[03.07.21|06:19:23] 	mean_mean_ap: 0.9626825261615468. Best so far: 0.7852887990099818 (epoch: 3).
[03.07.21|06:19:23] Time consumption:
[03.07.21|06:19:23] Done.
[03.07.21|06:19:23] Eval epoch: 5
[03.07.21|06:19:30] 	mean_loss: 3.5523637589954196. Best so far: 3.5523637589954196 (epoch: 5).
[03.07.21|06:19:30] 	mean_aps: [0.18100907 0.57688964 0.83570204 0.83943293]. Best so far: 0 (epoch: 3).
[03.07.21|06:19:30] 	mean_mean_ap: 0.7371538355334651. Best so far: 0.7852887990099818 (epoch: 3).
[03.07.21|06:19:30] Done.
[03.07.21|06:19:31] Training epoch: 6
[03.07.21|06:19:39] 	Iter 1200 Done. | loss: 3.5924 | aps: [0.         0.96666667 1.         0.91666667] | mean_ap: 0.9611 | f1: 0.5083 | lr: 0.000994 | tr: 0.970373
[03.07.21|06:20:21] 	Iter 1300 Done. | loss: 3.5625 | aps: [0.         0.79285714 0.94285714 0.96666667] | mean_ap: 0.9008 | f1: 0.5110 | lr: 0.000994 | tr: 0.970373
[03.07.21|06:20:54] 	mean_loss: 3.5536538368554287. Best so far: 3.5523637589954196 (epoch: 5).
[03.07.21|06:20:54] 	mean_aps: [0.30795262 0.9051345  0.97474888 0.92974005]. Best so far: 0 (epoch: 3).
[03.07.21|06:20:54] 	mean_mean_ap: 0.9611355547797287. Best so far: 0.7852887990099818 (epoch: 3).
[03.07.21|06:20:54] Time consumption:
[03.07.21|06:20:54] Done.
[03.07.21|06:20:54] Eval epoch: 6
[03.07.21|06:21:01] 	mean_loss: 3.5454456352052235. Best so far: 3.5454456352052235 (epoch: 6).
[03.07.21|06:21:01] 	mean_aps: [0.17777778 0.62880763 0.83070128 0.71377632]. Best so far: 0 (epoch: 3).
[03.07.21|06:21:01] 	mean_mean_ap: 0.7145514170608654. Best so far: 0.7852887990099818 (epoch: 3).
[03.07.21|06:21:01] Done.
[03.07.21|06:21:01] Training epoch: 7
[03.07.21|06:21:11] 	Iter 1400 Done. | loss: 3.5746 | aps: [0.         1.         0.87666667 0.98214286] | mean_ap: 0.9529 | f1: 0.5640 | lr: 0.000993 | tr: 0.965521
[03.07.21|06:21:53] 	Iter 1500 Done. | loss: 3.5075 | aps: [0.         0.79166667 0.98888889 1.        ] | mean_ap: 0.9269 | f1: 0.6022 | lr: 0.000993 | tr: 0.965521
