log: main.py base_patch /root/take_an_emotion_walk/taew_net 

wsx: load_edin_data()
log: load_edin_labels()
[log]: num_labels)
 [4, 3, 3]
[log]: np.cumsum(num_labels)
 [ 4  7 10]
log: label_partitions (4,)
log  rotations_train.shape: (3157, 48, 84)
log  affective_features_train.shape (3157, 48, 18)
log  affective_features: (3508, 48, 18)
[03.07.21|06:41:35] Training epoch: 0
[03.07.21|06:41:36] 	Iter 0 Done. | loss: 6.5575 | aps: [0.         0.89285714 0.98214286 0.86666667] | mean_ap: 0.9139 | f1: 0.4976 | lr: 0.001000 | tr: 1.000000
[03.07.21|06:42:18] 	Iter 100 Done. | loss: 4.6984 | aps: [0.         1.         0.91666667 1.        ] | mean_ap: 0.9722 | f1: 0.5250 | lr: 0.001000 | tr: 1.000000
[03.07.21|06:42:59] 	mean_loss: 4.645105992476952. Best so far: inf (epoch: 0).
[03.07.21|06:42:59] 	mean_aps: [0.28541213 0.9023363  0.97076222 0.9410776 ]. Best so far: 0 (epoch: 0).
[03.07.21|06:42:59] 	mean_mean_ap: 0.95610042562737. Best so far: 0.0 (epoch: 0).
[03.07.21|06:42:59] Time consumption:
[03.07.21|06:42:59] Done.
[03.07.21|06:42:59] Eval epoch: 0
[03.07.21|06:43:06] 	mean_loss: 4.163230737050374. Best so far: 4.163230737050374 (epoch: 0).
[03.07.21|06:43:06] 	mean_aps: [0.17762661 0.71888133 0.84364244 0.71518673]. Best so far: 0 (epoch: 0).
[03.07.21|06:43:06] 	mean_mean_ap: 0.7602940660792136. Best so far: 0.7602940660792136 (epoch: 0).
[03.07.21|06:43:06] Done.
[03.07.21|06:43:06] Training epoch: 1
[03.07.21|06:43:09] 	Iter 200 Done. | loss: 4.2055 | aps: [0. 1. 1. 1.] | mean_ap: 1.0000 | f1: 0.4917 | lr: 0.000999 | tr: 0.995000
[03.07.21|06:43:50] 	Iter 300 Done. | loss: 3.9332 | aps: [0.         1.         0.87619048 0.925     ] | mean_ap: 0.9337 | f1: 0.5000 | lr: 0.000999 | tr: 0.995000
[03.07.21|06:44:29] 	mean_loss: 3.8943232122411584. Best so far: 4.163230737050374 (epoch: 0).
[03.07.21|06:44:29] 	mean_aps: [0.28849408 0.90163389 0.97845617 0.92827025]. Best so far: 0 (epoch: 0).
[03.07.21|06:44:29] 	mean_mean_ap: 0.9653106238602219. Best so far: 0.7602940660792136 (epoch: 0).
[03.07.21|06:44:29] Time consumption:
[03.07.21|06:44:29] Done.
[03.07.21|06:44:29] Eval epoch: 1
[03.07.21|06:44:36] 	mean_loss: 3.6801895187014626. Best so far: 3.6801895187014626 (epoch: 1).
[03.07.21|06:44:36] 	mean_aps: [0.15362812 0.69537398 0.81294791 0.75141337]. Best so far: 0 (epoch: 0).
[03.07.21|06:44:36] 	mean_mean_ap: 0.758399997334592. Best so far: 0.7602940660792136 (epoch: 0).
[03.07.21|06:44:36] Done.
[03.07.21|06:44:37] Training epoch: 2
[03.07.21|06:44:41] 	Iter 400 Done. | loss: 3.6782 | aps: [1.         1.         0.95714286 0.97619048] | mean_ap: 0.9833 | f1: 0.4895 | lr: 0.000998 | tr: 0.990025
[03.07.21|06:45:23] 	Iter 500 Done. | loss: 3.6276 | aps: [1. 1. 1. 1.] | mean_ap: 1.0000 | f1: 0.5319 | lr: 0.000998 | tr: 0.990025
[03.07.21|06:46:01] 	mean_loss: 3.6498957926851845. Best so far: 3.6801895187014626 (epoch: 1).
[03.07.21|06:46:01] 	mean_aps: [0.26539763 0.92852116 0.98111424 0.94487952]. Best so far: 0 (epoch: 0).
[03.07.21|06:46:01] 	mean_mean_ap: 0.9668345799582204. Best so far: 0.7602940660792136 (epoch: 0).
[03.07.21|06:46:01] Time consumption:
[03.07.21|06:46:01] Done.
[03.07.21|06:46:01] Eval epoch: 2
[03.07.21|06:46:08] 	mean_loss: 3.6116010688600086. Best so far: 3.6116010688600086 (epoch: 2).
[03.07.21|06:46:08] 	mean_aps: [0.22303649 0.63396447 0.81118173 0.74713027]. Best so far: 0 (epoch: 0).
[03.07.21|06:46:08] 	mean_mean_ap: 0.741101954545832. Best so far: 0.7602940660792136 (epoch: 0).
[03.07.21|06:46:08] Done.
[03.07.21|06:46:08] Training epoch: 3
[03.07.21|06:46:13] 	Iter 600 Done. | loss: 3.5726 | aps: [0. 1. 1. 1.] | mean_ap: 1.0000 | f1: 0.5357 | lr: 0.000997 | tr: 0.985075
[03.07.21|06:46:55] 	Iter 700 Done. | loss: 3.5769 | aps: [1.   1.   1.   0.75] | mean_ap: 0.9375 | f1: 0.5260 | lr: 0.000997 | tr: 0.985075
[03.07.21|06:47:32] 	mean_loss: 3.6020265279082477. Best so far: 3.6116010688600086 (epoch: 2).
[03.07.21|06:47:32] 	mean_aps: [0.28629442 0.90206946 0.97539053 0.95013391]. Best so far: 0 (epoch: 0).
[03.07.21|06:47:32] 	mean_mean_ap: 0.966784717563865. Best so far: 0.7602940660792136 (epoch: 0).
[03.07.21|06:47:32] Time consumption:
[03.07.21|06:47:32] Done.
[03.07.21|06:47:32] Eval epoch: 3
[03.07.21|06:47:39] 	mean_loss: 3.5865848632085893. Best so far: 3.5865848632085893 (epoch: 3).
[03.07.21|06:47:39] 	mean_aps: [0.27142857 0.64221466 0.80912394 0.83335034]. Best so far: 0 (epoch: 3).
[03.07.21|06:47:39] 	mean_mean_ap: 0.7687578210296464. Best so far: 0.7687578210296464 (epoch: 3).
[03.07.21|06:47:39] Done.
[03.07.21|06:47:39] Training epoch: 4
[03.07.21|06:47:46] 	Iter 800 Done. | loss: 3.5871 | aps: [0. 1. 1. 1.] | mean_ap: 1.0000 | f1: 0.4527 | lr: 0.000996 | tr: 0.980150
[03.07.21|06:48:28] 	Iter 900 Done. | loss: 3.5749 | aps: [0. 1. 1. 1.] | mean_ap: 1.0000 | f1: 0.4583 | lr: 0.000996 | tr: 0.980150
[03.07.21|06:49:03] 	mean_loss: 3.578019306744416. Best so far: 3.5865848632085893 (epoch: 3).
[03.07.21|06:49:03] 	mean_aps: [0.28087986 0.93554961 0.98024126 0.95315563]. Best so far: 0 (epoch: 3).
[03.07.21|06:49:03] 	mean_mean_ap: 0.9671888457693011. Best so far: 0.7687578210296464 (epoch: 3).
[03.07.21|06:49:03] Time consumption:
[03.07.21|06:49:03] Done.
[03.07.21|06:49:03] Eval epoch: 4
[03.07.21|06:49:10] 	mean_loss: 3.5727536451248896. Best so far: 3.5727536451248896 (epoch: 4).
[03.07.21|06:49:10] 	mean_aps: [0.17751323 0.63344758 0.85900956 0.75593048]. Best so far: 0 (epoch: 4).
[03.07.21|06:49:10] 	mean_mean_ap: 0.7755596899574836. Best so far: 0.7755596899574836 (epoch: 4).
[03.07.21|06:49:10] Done.
[03.07.21|06:49:11] Training epoch: 5
[03.07.21|06:49:18] 	Iter 1000 Done. | loss: 3.5399 | aps: [0.         0.92666667 1.         1.        ] | mean_ap: 0.9756 | f1: 0.4639 | lr: 0.000995 | tr: 0.975249
[03.07.21|06:50:01] 	Iter 1100 Done. | loss: 3.5727 | aps: [0.         0.96666667 0.9004329  0.85925926] | mean_ap: 0.9088 | f1: 0.4979 | lr: 0.000995 | tr: 0.975249
[03.07.21|06:50:35] 	mean_loss: 3.563496352452312. Best so far: 3.5727536451248896 (epoch: 4).
[03.07.21|06:50:35] 	mean_aps: [0.26692047 0.91509949 0.96966832 0.95268942]. Best so far: 0 (epoch: 4).
[03.07.21|06:50:35] 	mean_mean_ap: 0.9650912259132287. Best so far: 0.7755596899574836 (epoch: 4).
[03.07.21|06:50:35] Time consumption:
[03.07.21|06:50:35] Done.
[03.07.21|06:50:35] Eval epoch: 5
[03.07.21|06:50:42] 	mean_loss: 3.5623214017777216. Best so far: 3.5623214017777216 (epoch: 5).
[03.07.21|06:50:42] 	mean_aps: [0.21560847 0.66749811 0.81392304 0.74528716]. Best so far: 0 (epoch: 4).
[03.07.21|06:50:42] 	mean_mean_ap: 0.7448802437641723. Best so far: 0.7755596899574836 (epoch: 4).
[03.07.21|06:50:42] Done.
[03.07.21|06:50:44] Training epoch: 6
[03.07.21|06:50:53] 	Iter 1200 Done. | loss: 3.5815 | aps: [0.         0.8875     0.87111111 0.975     ] | mean_ap: 0.9112 | f1: 0.5317 | lr: 0.000994 | tr: 0.970373
[03.07.21|06:51:36] 	Iter 1300 Done. | loss: 3.4906 | aps: [0. 1. 1. 0.] | mean_ap: 1.0000 | f1: 0.3333 | lr: 0.000994 | tr: 0.970373
[03.07.21|06:52:09] 	mean_loss: 3.553416951658762. Best so far: 3.5623214017777216 (epoch: 5).
[03.07.21|06:52:09] 	mean_aps: [0.28527919 0.92168325 0.97913253 0.95086351]. Best so far: 0 (epoch: 4).
[03.07.21|06:52:09] 	mean_mean_ap: 0.9674063043395188. Best so far: 0.7755596899574836 (epoch: 4).
[03.07.21|06:52:09] Time consumption:
[03.07.21|06:52:09] Done.
[03.07.21|06:52:09] Eval epoch: 6
[03.07.21|06:52:16] 	mean_loss: 3.552968002500988. Best so far: 3.552968002500988 (epoch: 6).
[03.07.21|06:52:16] 	mean_aps: [0.1361678  0.66188329 0.84040862 0.77099301]. Best so far: 0 (epoch: 4).
[03.07.21|06:52:16] 	mean_mean_ap: 0.7485790038518212. Best so far: 0.7755596899574836 (epoch: 4).
[03.07.21|06:52:16] Done.
