log: main.py base_patch /root/take_an_emotion_walk/taew_net 

wsx: load_edin_data()
log: load_edin_labels()
[log]: num_labels)
 [4, 3, 3]
[log]: np.cumsum(num_labels)
 [ 4  7 10]
log: label_partitions (4,)
log  rotations_train.shape: (3157, 48, 84)
log  affective_features_train.shape (3157, 48, 18)
log  affective_features: (3508, 48, 18)
[03.07.21|07:04:14] Training epoch: 0
[03.07.21|07:04:16] 	Iter 0 Done. | loss: 6.6620 | aps: [0.         1.         0.91666667 1.        ] | mean_ap: 0.9722 | f1: 0.4615 | lr: 0.001000 | tr: 1.000000
[03.07.21|07:04:57] 	Iter 100 Done. | loss: 4.0372 | aps: [1. 1. 1. 1.] | mean_ap: 1.0000 | f1: 0.5408 | lr: 0.001000 | tr: 1.000000
[03.07.21|07:05:38] 	mean_loss: 4.635791183123128. Best so far: inf (epoch: 0).
[03.07.21|07:05:38] 	mean_aps: [0.28680203 0.90982398 0.97791991 0.93622642]. Best so far: 0 (epoch: 0).
[03.07.21|07:05:38] 	mean_mean_ap: 0.9632638773380227. Best so far: 0.0 (epoch: 0).
[03.07.21|07:05:38] Time consumption:
[03.07.21|07:05:38] Done.
[03.07.21|07:05:38] Eval epoch: 0
[03.07.21|07:05:44] 	mean_loss: 3.8934413137890043. Best so far: 3.8934413137890043 (epoch: 0).
[03.07.21|07:05:44] 	mean_aps: [0.23214286 0.64205657 0.83825808 0.68248488]. Best so far: 0 (epoch: 0).
[03.07.21|07:05:44] 	mean_mean_ap: 0.7166076173133996. Best so far: 0.7166076173133996 (epoch: 0).
[03.07.21|07:05:44] Done.
[03.07.21|07:05:45] Training epoch: 1
[03.07.21|07:05:47] 	Iter 200 Done. | loss: 4.1512 | aps: [0.         0.91666667 0.95833333 1.        ] | mean_ap: 0.9583 | f1: 0.4457 | lr: 0.000999 | tr: 0.995000
[03.07.21|07:06:29] 	Iter 300 Done. | loss: 3.8012 | aps: [0.         0.96825397 0.93253968 0.95833333] | mean_ap: 0.9530 | f1: 0.5351 | lr: 0.000999 | tr: 0.995000
[03.07.21|07:07:08] 	mean_loss: 3.84000379543014. Best so far: 3.8934413137890043 (epoch: 0).
[03.07.21|07:07:08] 	mean_aps: [0.29018613 0.9120332  0.97639009 0.94248236]. Best so far: 0 (epoch: 0).
[03.07.21|07:07:08] 	mean_mean_ap: 0.967333478281541. Best so far: 0.7166076173133996 (epoch: 0).
[03.07.21|07:07:08] Time consumption:
[03.07.21|07:07:08] Done.
[03.07.21|07:07:08] Eval epoch: 1
[03.07.21|07:07:15] 	mean_loss: 3.6534623305002847. Best so far: 3.6534623305002847 (epoch: 1).
[03.07.21|07:07:15] 	mean_aps: [0.17222222 0.78938647 0.74722325 0.78036786]. Best so far: 0 (epoch: 1).
[03.07.21|07:07:15] 	mean_mean_ap: 0.7353700283324007. Best so far: 0.7353700283324007 (epoch: 1).
[03.07.21|07:07:15] Done.
[03.07.21|07:07:15] Training epoch: 2
[03.07.21|07:07:19] 	Iter 400 Done. | loss: 3.6782 | aps: [1.   0.95 1.   1.  ] | mean_ap: 0.9875 | f1: 0.6235 | lr: 0.000998 | tr: 0.990025
[03.07.21|07:08:00] 	Iter 500 Done. | loss: 3.6202 | aps: [0. 1. 1. 1.] | mean_ap: 1.0000 | f1: 0.4103 | lr: 0.000998 | tr: 0.990025
[03.07.21|07:08:38] 	mean_loss: 3.644301794507177. Best so far: 3.6534623305002847 (epoch: 1).
[03.07.21|07:08:38] 	mean_aps: [0.27552171 0.90702071 0.97746699 0.95404822]. Best so far: 0 (epoch: 1).
[03.07.21|07:08:38] 	mean_mean_ap: 0.9664255872757908. Best so far: 0.7353700283324007 (epoch: 1).
[03.07.21|07:08:38] Time consumption:
[03.07.21|07:08:38] Done.
[03.07.21|07:08:38] Eval epoch: 2
[03.07.21|07:08:45] 	mean_loss: 3.6108817145937966. Best so far: 3.6108817145937966 (epoch: 2).
[03.07.21|07:08:45] 	mean_aps: [0.14946145 0.80204013 0.7373806  0.7781221 ]. Best so far: 0 (epoch: 2).
[03.07.21|07:08:45] 	mean_mean_ap: 0.7415625173830956. Best so far: 0.7415625173830956 (epoch: 2).
[03.07.21|07:08:45] Done.
[03.07.21|07:08:45] Training epoch: 3
[03.07.21|07:08:50] 	Iter 600 Done. | loss: 3.5960 | aps: [0. 1. 1. 1.] | mean_ap: 1.0000 | f1: 0.4919 | lr: 0.000997 | tr: 0.985075
