log: main.py base_patch /root/take_an_emotion_walk/taew_net 

wsx: load_edin_data()
log: load_edin_labels()
[log]: num_labels)
 [4, 3, 3]
[log]: np.cumsum(num_labels)
 [ 4  7 10]
log: label_partitions (4,)
log  rotations_train.shape: (3157, 48, 84)
log  affective_features_train.shape (3157, 48, 18)
log  affective_features: (3508, 48, 18)
[03.07.21|07:10:27] Training epoch: 0
[03.07.21|07:10:28] 	Iter 0 Done. | loss: 6.6817 | aps: [0. 1. 1. 0.] | mean_ap: 1.0000 | f1: 0.3523 | lr: 0.001000 | tr: 1.000000
[03.07.21|07:11:10] 	Iter 100 Done. | loss: 4.5518 | aps: [0. 1. 1. 1.] | mean_ap: 1.0000 | f1: 0.4250 | lr: 0.001000 | tr: 1.000000
[03.07.21|07:11:50] 	mean_loss: 4.612220028330227. Best so far: inf (epoch: 0).
[03.07.21|07:11:50] 	mean_aps: [0.29669245 0.91690311 0.96917143 0.9274709 ]. Best so far: 0 (epoch: 0).
[03.07.21|07:11:50] 	mean_mean_ap: 0.9580842378975587. Best so far: 0.0 (epoch: 0).
[03.07.21|07:11:50] Time consumption:
[03.07.21|07:11:50] Done.
[03.07.21|07:11:50] Eval epoch: 0
[03.07.21|07:11:57] 	mean_loss: 3.9246632485162642. Best so far: 3.9246632485162642 (epoch: 0).
[03.07.21|07:11:57] 	mean_aps: [0.16428571 0.69113173 0.90641428 0.73443431]. Best so far: 0 (epoch: 0).
[03.07.21|07:11:57] 	mean_mean_ap: 0.785368805891765. Best so far: 0.785368805891765 (epoch: 0).
[03.07.21|07:11:57] Done.
[03.07.21|07:11:57] Training epoch: 1
[03.07.21|07:12:00] 	Iter 200 Done. | loss: 4.1544 | aps: [0.   0.95 1.   1.  ] | mean_ap: 0.9833 | f1: 0.5167 | lr: 0.000999 | tr: 0.995000
[03.07.21|07:12:42] 	Iter 300 Done. | loss: 3.8046 | aps: [0.         1.         0.959375   0.83333333] | mean_ap: 0.9309 | f1: 0.3644 | lr: 0.000999 | tr: 0.995000
[03.07.21|07:13:20] 	mean_loss: 3.8292545897101387. Best so far: 3.9246632485162642 (epoch: 0).
[03.07.21|07:13:20] 	mean_aps: [0.30516074 0.90634041 0.97623614 0.95159027]. Best so far: 0 (epoch: 0).
[03.07.21|07:13:20] 	mean_mean_ap: 0.967179176099388. Best so far: 0.785368805891765 (epoch: 0).
[03.07.21|07:13:20] Time consumption:
[03.07.21|07:13:20] Done.
[03.07.21|07:13:20] Eval epoch: 1
[03.07.21|07:13:27] 	mean_loss: 3.654321250461397. Best so far: 3.654321250461397 (epoch: 1).
[03.07.21|07:13:27] 	mean_aps: [0.11904762 0.827427   0.90586693 0.820107  ]. Best so far: 0 (epoch: 1).
[03.07.21|07:13:27] 	mean_mean_ap: 0.8385190463781972. Best so far: 0.8385190463781972 (epoch: 1).
[03.07.21|07:13:27] Done.
[03.07.21|07:13:27] Training epoch: 2
[03.07.21|07:13:31] 	Iter 400 Done. | loss: 3.6830 | aps: [0.   0.95 1.   1.  ] | mean_ap: 0.9833 | f1: 0.4556 | lr: 0.000998 | tr: 0.990025
[03.07.21|07:14:13] 	Iter 500 Done. | loss: 3.6335 | aps: [0.         1.         0.98214286 0.91071429] | mean_ap: 0.9643 | f1: 0.5299 | lr: 0.000998 | tr: 0.990025
[03.07.21|07:14:50] 	mean_loss: 3.645546156742851. Best so far: 3.654321250461397 (epoch: 1).
[03.07.21|07:14:50] 	mean_aps: [0.29317541 0.8606064  0.96227462 0.91457814]. Best so far: 0 (epoch: 1).
[03.07.21|07:14:50] 	mean_mean_ap: 0.9355613836734666. Best so far: 0.8385190463781972 (epoch: 1).
[03.07.21|07:14:50] Time consumption:
[03.07.21|07:14:50] Done.
[03.07.21|07:14:50] Eval epoch: 2
[03.07.21|07:14:57] 	mean_loss: 3.60560036840893. Best so far: 3.60560036840893 (epoch: 2).
[03.07.21|07:14:57] 	mean_aps: [0.11269841 0.85409108 0.91122245 0.81254329]. Best so far: 0 (epoch: 1).
[03.07.21|07:14:57] 	mean_mean_ap: 0.8264279681329001. Best so far: 0.8385190463781972 (epoch: 1).
[03.07.21|07:14:57] Done.
[03.07.21|07:14:57] Training epoch: 3
[03.07.21|07:15:02] 	Iter 600 Done. | loss: 3.6172 | aps: [0.         0.87619048 1.         0.96515152] | mean_ap: 0.9471 | f1: 0.5901 | lr: 0.000997 | tr: 0.985075
[03.07.21|07:15:44] 	Iter 700 Done. | loss: 3.6238 | aps: [0.33333333 0.89090909 0.80694444 0.7827381 ] | mean_ap: 0.7035 | f1: 0.5731 | lr: 0.000997 | tr: 0.985075
[03.07.21|07:16:21] 	mean_loss: 3.6004353949261194. Best so far: 3.60560036840893 (epoch: 2).
[03.07.21|07:16:21] 	mean_aps: [0.24365281 0.84605571 0.97144365 0.91713645]. Best so far: 0 (epoch: 1).
[03.07.21|07:16:21] 	mean_mean_ap: 0.9229293056097654. Best so far: 0.8385190463781972 (epoch: 1).
[03.07.21|07:16:21] Time consumption:
[03.07.21|07:16:21] Done.
[03.07.21|07:16:21] Eval epoch: 3
[03.07.21|07:16:27] 	mean_loss: 3.5802136943453835. Best so far: 3.5802136943453835 (epoch: 3).
[03.07.21|07:16:27] 	mean_aps: [0.19206349 0.80732993 0.90821186 0.79283825]. Best so far: 0 (epoch: 1).
[03.07.21|07:16:27] 	mean_mean_ap: 0.8288468217975021. Best so far: 0.8385190463781972 (epoch: 1).
[03.07.21|07:16:27] Done.
[03.07.21|07:16:28] Training epoch: 4
[03.07.21|07:16:34] 	Iter 800 Done. | loss: 3.5803 | aps: [0. 1. 1. 1.] | mean_ap: 1.0000 | f1: 0.4464 | lr: 0.000996 | tr: 0.980150
