log: main.py base_patch /root/take_an_emotion_walk/taew_net 

log: main.py base_patch /root/take_an_emotion_walk/taew_net 

log: main.py base_patch /root/take_an_emotion_walk/taew_net 

wsx: load_edin_data()
log: load_edin_labels()
[log]: num_labels)
 [4, 3, 3]
[log]: np.cumsum(num_labels)
 [ 4  7 10]
log: label_partitions (4,)
log  rotations_train.shape: (3157, 48, 84)
log  affective_features_train.shape (3157, 48, 18)
log  affective_features: (3508, 48, 18)
[03.07.21|03:21:56] Training epoch: 0
[03.07.21|03:21:57] 	Iter 0 Done. | loss: 6.4292 | aps: [0. 1. 1. 1.] | mean_ap: 1.0000 | f1: 0.5476 | lr: 0.001000 | tr: 1.000000
[03.07.21|03:22:38] 	Iter 100 Done. | loss: 4.6621 | aps: [0.         0.89722222 0.87083333 0.80952381] | mean_ap: 0.8592 | f1: 0.4779 | lr: 0.001000 | tr: 1.000000
[03.07.21|03:23:17] 	mean_loss: 4.61072737916472. Best so far: inf (epoch: 0).
[03.07.21|03:23:17] 	mean_aps: [0.29483926 0.90151129 0.95297587 0.92571209]. Best so far: 0 (epoch: 0).
[03.07.21|03:23:17] 	mean_mean_ap: 0.9439939629541847. Best so far: 0.0 (epoch: 0).
[03.07.21|03:23:17] Time consumption:
[03.07.21|03:23:17] Done.
[03.07.21|03:23:17] Eval epoch: 0
[03.07.21|03:23:24] 	mean_loss: 3.87423731031872. Best so far: 3.87423731031872 (epoch: 0).
[03.07.21|03:23:24] 	mean_aps: [0.19047619 0.66939248 0.92261473 0.81424225]. Best so far: 0 (epoch: 0).
[03.07.21|03:23:24] 	mean_mean_ap: 0.8010620365871214. Best so far: 0.8010620365871214 (epoch: 0).
[03.07.21|03:23:24] Done.
[03.07.21|03:23:24] Training epoch: 1
[03.07.21|03:23:27] 	Iter 200 Done. | loss: 4.1228 | aps: [0.       1.       1.       0.959375] | mean_ap: 0.9865 | f1: 0.4739 | lr: 0.000999 | tr: 0.995000
[03.07.21|03:24:08] 	Iter 300 Done. | loss: 3.7390 | aps: [0. 1. 1. 1.] | mean_ap: 1.0000 | f1: 0.5237 | lr: 0.000999 | tr: 0.995000
[03.07.21|03:24:46] 	mean_loss: 3.8184521404014626. Best so far: 3.87423731031872 (epoch: 0).
[03.07.21|03:24:46] 	mean_aps: [0.30659898 0.91797906 0.97858612 0.94755193]. Best so far: 0 (epoch: 0).
[03.07.21|03:24:46] 	mean_mean_ap: 0.9688794385703756. Best so far: 0.8010620365871214 (epoch: 0).
[03.07.21|03:24:46] Time consumption:
[03.07.21|03:24:46] Done.
[03.07.21|03:24:46] Eval epoch: 1
[03.07.21|03:24:53] 	mean_loss: 3.662241231827509. Best so far: 3.662241231827509 (epoch: 1).
[03.07.21|03:24:53] 	mean_aps: [0.19047619 0.73878839 0.92733884 0.82910036]. Best so far: 0 (epoch: 1).
[03.07.21|03:24:53] 	mean_mean_ap: 0.8558536920059028. Best so far: 0.8558536920059028 (epoch: 1).
[03.07.21|03:24:53] Done.
[03.07.21|03:24:53] Training epoch: 2
[03.07.21|03:24:57] 	Iter 400 Done. | loss: 3.7068 | aps: [0.         0.91666667 0.81428571 0.95833333] | mean_ap: 0.8964 | f1: 0.5092 | lr: 0.000998 | tr: 0.990025
[03.07.21|03:25:38] 	Iter 500 Done. | loss: 3.6306 | aps: [0. 1. 1. 1.] | mean_ap: 1.0000 | f1: 0.4433 | lr: 0.000998 | tr: 0.990025
[03.07.21|03:26:16] 	mean_loss: 3.6449471911803113. Best so far: 3.662241231827509 (epoch: 1).
[03.07.21|03:26:16] 	mean_aps: [0.30177665 0.91954214 0.97213671 0.94107676]. Best so far: 0 (epoch: 1).
[03.07.21|03:26:16] 	mean_mean_ap: 0.9681607135831097. Best so far: 0.8558536920059028 (epoch: 1).
[03.07.21|03:26:16] Time consumption:
[03.07.21|03:26:16] Done.
[03.07.21|03:26:16] Eval epoch: 2
[03.07.21|03:26:23] 	mean_loss: 3.608505850746518. Best so far: 3.608505850746518 (epoch: 2).
[03.07.21|03:26:23] 	mean_aps: [0.1468254  0.77209166 0.8858808  0.8591145 ]. Best so far: 0 (epoch: 1).
[03.07.21|03:26:23] 	mean_mean_ap: 0.8372031846649193. Best so far: 0.8558536920059028 (epoch: 1).
[03.07.21|03:26:23] Done.
[03.07.21|03:26:23] Training epoch: 3
[03.07.21|03:26:28] 	Iter 600 Done. | loss: 3.6288 | aps: [0. 1. 1. 1.] | mean_ap: 1.0000 | f1: 0.4137 | lr: 0.000997 | tr: 0.985075
[03.07.21|03:27:09] 	Iter 700 Done. | loss: 3.5994 | aps: [0.         1.         0.94285714 1.        ] | mean_ap: 0.9810 | f1: 0.5256 | lr: 0.000997 | tr: 0.985075
[03.07.21|03:27:46] 	mean_loss: 3.5986460090288657. Best so far: 3.608505850746518 (epoch: 2).
[03.07.21|03:27:46] 	mean_aps: [0.29606599 0.93448484 0.97986798 0.95185367]. Best so far: 0 (epoch: 1).
[03.07.21|03:27:46] 	mean_mean_ap: 0.9651788194607946. Best so far: 0.8558536920059028 (epoch: 1).
[03.07.21|03:27:46] Time consumption:
[03.07.21|03:27:46] Done.
[03.07.21|03:27:46] Eval epoch: 3
[03.07.21|03:27:53] 	mean_loss: 3.5807158606392995. Best so far: 3.5807158606392995 (epoch: 3).
[03.07.21|03:27:53] 	mean_aps: [0.13492063 0.73864135 0.87133843 0.81985247]. Best so far: 0 (epoch: 1).
[03.07.21|03:27:53] 	mean_mean_ap: 0.8123447454378576. Best so far: 0.8558536920059028 (epoch: 1).
[03.07.21|03:27:53] Done.
[03.07.21|03:27:53] Training epoch: 4
[03.07.21|03:28:00] 	Iter 800 Done. | loss: 3.6018 | aps: [0. 1. 1. 1.] | mean_ap: 1.0000 | f1: 0.5667 | lr: 0.000996 | tr: 0.980150
[03.07.21|03:28:41] 	Iter 900 Done. | loss: 3.5523 | aps: [0. 1. 1. 1.] | mean_ap: 1.0000 | f1: 0.4530 | lr: 0.000996 | tr: 0.980150
[03.07.21|03:29:16] 	mean_loss: 3.576354875177296. Best so far: 3.5807158606392995 (epoch: 3).
[03.07.21|03:29:16] 	mean_aps: [0.30456853 0.89361465 0.97670958 0.94777355]. Best so far: 0 (epoch: 1).
[03.07.21|03:29:16] 	mean_mean_ap: 0.9651603682990532. Best so far: 0.8558536920059028 (epoch: 1).
[03.07.21|03:29:16] Time consumption:
[03.07.21|03:29:16] Done.
[03.07.21|03:29:16] Eval epoch: 4
[03.07.21|03:29:23] 	mean_loss: 3.573678357260568. Best so far: 3.573678357260568 (epoch: 4).
[03.07.21|03:29:23] 	mean_aps: [0.10238095 0.79010096 0.82832702 0.85300454]. Best so far: 0 (epoch: 1).
[03.07.21|03:29:23] 	mean_mean_ap: 0.8379213928236039. Best so far: 0.8558536920059028 (epoch: 1).
[03.07.21|03:29:23] Done.
[03.07.21|03:29:23] Training epoch: 5
[03.07.21|03:29:30] 	Iter 1000 Done. | loss: 3.5635 | aps: [0.         0.75       0.95714286 0.96666667] | mean_ap: 0.8913 | f1: 0.4975 | lr: 0.000995 | tr: 0.975249
[03.07.21|03:30:12] 	Iter 1100 Done. | loss: 3.5266 | aps: [0. 1. 1. 1.] | mean_ap: 1.0000 | f1: 0.6282 | lr: 0.000995 | tr: 0.975249
[03.07.21|03:30:45] 	mean_loss: 3.5625883903600237. Best so far: 3.573678357260568 (epoch: 4).
[03.07.21|03:30:45] 	mean_aps: [0.28980157 0.90873938 0.97301663 0.9406998 ]. Best so far: 0 (epoch: 1).
[03.07.21|03:30:45] 	mean_mean_ap: 0.9652190070635779. Best so far: 0.8558536920059028 (epoch: 1).
[03.07.21|03:30:45] Time consumption:
[03.07.21|03:30:45] Done.
[03.07.21|03:30:45] Eval epoch: 5
[03.07.21|03:30:52] 	mean_loss: 3.5597383294786726. Best so far: 3.5597383294786726 (epoch: 5).
[03.07.21|03:30:52] 	mean_aps: [0.13492063 0.79791383 0.87735186 0.87143889]. Best so far: 0 (epoch: 1).
[03.07.21|03:30:52] 	mean_mean_ap: 0.8441509732708712. Best so far: 0.8558536920059028 (epoch: 1).
[03.07.21|03:30:52] Done.
[03.07.21|03:30:52] Training epoch: 6
[03.07.21|03:31:01] 	Iter 1200 Done. | loss: 3.5501 | aps: [0.         0.91666667 1.         1.        ] | mean_ap: 0.9722 | f1: 0.5083 | lr: 0.000994 | tr: 0.970373
[03.07.21|03:31:42] 	Iter 1300 Done. | loss: 3.5522 | aps: [0. 1. 1. 1.] | mean_ap: 1.0000 | f1: 0.6071 | lr: 0.000994 | tr: 0.970373
[03.07.21|03:32:14] 	mean_loss: 3.554689273011261. Best so far: 3.5597383294786726 (epoch: 5).
[03.07.21|03:32:14] 	mean_aps: [0.27815849 0.9001441  0.97397608 0.95130581]. Best so far: 0 (epoch: 1).
[03.07.21|03:32:14] 	mean_mean_ap: 0.9632506918321796. Best so far: 0.8558536920059028 (epoch: 1).
[03.07.21|03:32:14] Time consumption:
[03.07.21|03:32:14] Done.
[03.07.21|03:32:14] Eval epoch: 6
[03.07.21|03:32:21] 	mean_loss: 3.5549069132123674. Best so far: 3.5549069132123674 (epoch: 6).
[03.07.21|03:32:21] 	mean_aps: [0.15873016 0.62711056 0.82910048 0.77366736]. Best so far: 0 (epoch: 1).
[03.07.21|03:32:21] 	mean_mean_ap: 0.7536981296117728. Best so far: 0.8558536920059028 (epoch: 1).
[03.07.21|03:32:21] Done.
[03.07.21|03:32:21] Training epoch: 7
[03.07.21|03:32:31] 	Iter 1400 Done. | loss: 3.5051 | aps: [0. 1. 1. 1.] | mean_ap: 1.0000 | f1: 0.3869 | lr: 0.000993 | tr: 0.965521
[03.07.21|03:33:12] 	Iter 1500 Done. | loss: 3.5230 | aps: [1.         0.81666667 0.94515152 0.79285714] | mean_ap: 0.8887 | f1: 0.4981 | lr: 0.000993 | tr: 0.965521
[03.07.21|03:33:44] 	mean_loss: 3.54721938050943. Best so far: 3.5549069132123674 (epoch: 6).
[03.07.21|03:33:44] 	mean_aps: [0.29839255 0.91721899 0.97833881 0.94861612]. Best so far: 0 (epoch: 1).
[03.07.21|03:33:44] 	mean_mean_ap: 0.9681325039080266. Best so far: 0.8558536920059028 (epoch: 1).
[03.07.21|03:33:44] Time consumption:
[03.07.21|03:33:44] Done.
[03.07.21|03:33:44] Eval epoch: 7
[03.07.21|03:33:50] 	mean_loss: 3.543894097918556. Best so far: 3.543894097918556 (epoch: 7).
[03.07.21|03:33:50] 	mean_aps: [0.07619048 0.6692457  0.90603792 0.84624802]. Best so far: 0 (epoch: 1).
[03.07.21|03:33:50] 	mean_mean_ap: 0.834844132572307. Best so far: 0.8558536920059028 (epoch: 1).
[03.07.21|03:33:50] Done.
[03.07.21|03:33:51] Training epoch: 8
[03.07.21|03:34:02] 	Iter 1600 Done. | loss: 3.5938 | aps: [1. 1. 1. 1.] | mean_ap: 1.0000 | f1: 0.5333 | lr: 0.000992 | tr: 0.960693
[03.07.21|03:34:42] 	Iter 1700 Done. | loss: 3.5214 | aps: [0. 0. 1. 1.] | mean_ap: 1.0000 | f1: 0.3056 | lr: 0.000992 | tr: 0.960693
[03.07.21|03:35:12] 	mean_loss: 3.5406040915377854. Best so far: 3.543894097918556 (epoch: 7).
[03.07.21|03:35:12] 	mean_aps: [0.31302876 0.90648776 0.9757863  0.94961901]. Best so far: 0 (epoch: 1).
[03.07.21|03:35:12] 	mean_mean_ap: 0.965871311654211. Best so far: 0.8558536920059028 (epoch: 1).
[03.07.21|03:35:12] Time consumption:
[03.07.21|03:35:12] Done.
[03.07.21|03:35:12] Eval epoch: 8
[03.07.21|03:35:20] 	mean_loss: 3.54811235836574. Best so far: 3.543894097918556 (epoch: 7).
[03.07.21|03:35:20] 	mean_aps: [0.07142857 0.72998471 0.86941488 0.82037587]. Best so far: 0 (epoch: 1).
[03.07.21|03:35:20] 	mean_mean_ap: 0.8217552734176885. Best so far: 0.8558536920059028 (epoch: 1).
[03.07.21|03:35:20] Done.
[03.07.21|03:35:20] Training epoch: 9
[03.07.21|03:35:32] 	Iter 1800 Done. | loss: 3.5080 | aps: [0.         1.         1.         0.83333333] | mean_ap: 0.9444 | f1: 0.6022 | lr: 0.000991 | tr: 0.955890
[03.07.21|03:36:14] 	Iter 1900 Done. | loss: 3.5491 | aps: [0.         0.80952381 1.         0.85833333] | mean_ap: 0.8893 | f1: 0.4696 | lr: 0.000991 | tr: 0.955890
[03.07.21|03:36:43] 	mean_loss: 3.5391085353599587. Best so far: 3.543894097918556 (epoch: 7).
[03.07.21|03:36:43] 	mean_aps: [0.31895093 0.92936919 0.97681431 0.94559726]. Best so far: 0 (epoch: 1).
[03.07.21|03:36:43] 	mean_mean_ap: 0.966518915242628. Best so far: 0.8558536920059028 (epoch: 1).
[03.07.21|03:36:43] Time consumption:
[03.07.21|03:36:43] Done.
[03.07.21|03:36:43] Eval epoch: 9
[03.07.21|03:36:50] 	mean_loss: 3.539994024095081. Best so far: 3.539994024095081 (epoch: 9).
[03.07.21|03:36:50] 	mean_aps: [0.10714286 0.62469794 0.82120211 0.73986413]. Best so far: 0 (epoch: 1).
[03.07.21|03:36:50] 	mean_mean_ap: 0.7372020489693392. Best so far: 0.8558536920059028 (epoch: 1).
[03.07.21|03:36:50] Done.
[03.07.21|03:36:50] Training epoch: 10
[03.07.21|03:37:04] 	Iter 2000 Done. | loss: 3.5326 | aps: [0.         0.93333333 0.98214286 0.91666667] | mean_ap: 0.9440 | f1: 0.5088 | lr: 0.000990 | tr: 0.951110
[03.07.21|03:37:45] 	Iter 2100 Done. | loss: 3.5570 | aps: [0.         0.925      0.9484127  0.89285714] | mean_ap: 0.9221 | f1: 0.5208 | lr: 0.000990 | tr: 0.951110
[03.07.21|03:38:13] 	mean_loss: 3.535156936209819. Best so far: 3.539994024095081 (epoch: 9).
[03.07.21|03:38:13] 	mean_aps: [0.30076142 0.93933465 0.97043079 0.95343352]. Best so far: 0 (epoch: 1).
[03.07.21|03:38:13] 	mean_mean_ap: 0.9655704853283614. Best so far: 0.8558536920059028 (epoch: 1).
[03.07.21|03:38:13] Time consumption:
[03.07.21|03:38:13] Done.
[03.07.21|03:38:13] Eval epoch: 10
[03.07.21|03:38:20] 	mean_loss: 3.5343786421276273. Best so far: 3.5343786421276273 (epoch: 10).
[03.07.21|03:38:20] 	mean_aps: [0.11865079 0.63408244 0.84752502 0.73188933]. Best so far: 0 (epoch: 1).
[03.07.21|03:38:20] 	mean_mean_ap: 0.763767601236422. Best so far: 0.8558536920059028 (epoch: 1).
[03.07.21|03:38:20] Done.
[03.07.21|03:38:20] Training epoch: 11
[03.07.21|03:38:35] 	Iter 2200 Done. | loss: 3.5422 | aps: [1. 1. 1. 1.] | mean_ap: 1.0000 | f1: 0.6583 | lr: 0.000989 | tr: 0.946355
[03.07.21|03:39:16] 	Iter 2300 Done. | loss: 3.5069 | aps: [1. 1. 1. 1.] | mean_ap: 1.0000 | f1: 0.7389 | lr: 0.000989 | tr: 0.946355
[03.07.21|03:39:42] 	mean_loss: 3.533318359839735. Best so far: 3.5343786421276273 (epoch: 10).
[03.07.21|03:39:42] 	mean_aps: [0.3037225  0.9156212  0.9748819  0.94922468]. Best so far: 0 (epoch: 1).
[03.07.21|03:39:42] 	mean_mean_ap: 0.9629517783184892. Best so far: 0.8558536920059028 (epoch: 1).
[03.07.21|03:39:42] Time consumption:
[03.07.21|03:39:42] Done.
[03.07.21|03:39:42] Eval epoch: 11
[03.07.21|03:39:49] 	mean_loss: 3.535567669641404. Best so far: 3.5343786421276273 (epoch: 10).
[03.07.21|03:39:49] 	mean_aps: [0.07142857 0.66204358 0.80866408 0.73841676]. Best so far: 0 (epoch: 1).
[03.07.21|03:39:49] 	mean_mean_ap: 0.7410598921214001. Best so far: 0.8558536920059028 (epoch: 1).
[03.07.21|03:39:49] Done.
[03.07.21|03:39:49] Training epoch: 12
[03.07.21|03:40:05] 	Iter 2400 Done. | loss: 3.5422 | aps: [0. 1. 1. 1.] | mean_ap: 1.0000 | f1: 0.5540 | lr: 0.000988 | tr: 0.941623
[03.07.21|03:40:46] 	Iter 2500 Done. | loss: 3.5091 | aps: [1.   0.75 1.   1.  ] | mean_ap: 0.9375 | f1: 0.5559 | lr: 0.000988 | tr: 0.941623
[03.07.21|03:41:11] 	mean_loss: 3.53044029903896. Best so far: 3.5343786421276273 (epoch: 10).
[03.07.21|03:41:11] 	mean_aps: [0.31687433 0.93768303 0.97467816 0.94076291]. Best so far: 0 (epoch: 1).
[03.07.21|03:41:11] 	mean_mean_ap: 0.969090548533117. Best so far: 0.8558536920059028 (epoch: 1).
[03.07.21|03:41:11] Time consumption:
[03.07.21|03:41:11] Done.
[03.07.21|03:41:11] Eval epoch: 12
[03.07.21|03:41:18] 	mean_loss: 3.536054463613601. Best so far: 3.5343786421276273 (epoch: 10).
[03.07.21|03:41:18] 	mean_aps: [0.13888889 0.66518519 0.82745593 0.70961154]. Best so far: 0 (epoch: 1).
[03.07.21|03:41:18] 	mean_mean_ap: 0.7449727857412807. Best so far: 0.8558536920059028 (epoch: 1).
[03.07.21|03:41:18] Done.
[03.07.21|03:41:18] Training epoch: 13
[03.07.21|03:41:35] 	Iter 2600 Done. | loss: 3.5014 | aps: [1.    1.    1.    0.925] | mean_ap: 0.9812 | f1: 0.7188 | lr: 0.000987 | tr: 0.936915
[03.07.21|03:42:16] 	Iter 2700 Done. | loss: 3.4907 | aps: [1.         1.         0.99242424 0.82424242] | mean_ap: 0.9542 | f1: 0.5734 | lr: 0.000987 | tr: 0.936915
[03.07.21|03:42:40] 	mean_loss: 3.5298882147987483. Best so far: 3.5343786421276273 (epoch: 10).
[03.07.21|03:42:40] 	mean_aps: [0.31556684 0.90619551 0.9782371  0.94337542]. Best so far: 0 (epoch: 1).
[03.07.21|03:42:40] 	mean_mean_ap: 0.9673618707041176. Best so far: 0.8558536920059028 (epoch: 1).
[03.07.21|03:42:40] Time consumption:
[03.07.21|03:42:40] Done.
[03.07.21|03:42:40] Eval epoch: 13
[03.07.21|03:42:46] 	mean_loss: 3.5334347770327614. Best so far: 3.5334347770327614 (epoch: 13).
[03.07.21|03:42:46] 	mean_aps: [0.14965986 0.7094709  0.88109078 0.85041383]. Best so far: 0 (epoch: 1).
[03.07.21|03:42:46] 	mean_mean_ap: 0.8034690155523488. Best so far: 0.8558536920059028 (epoch: 1).
[03.07.21|03:42:46] Done.
[03.07.21|03:42:47] Training epoch: 14
[03.07.21|03:43:05] 	Iter 2800 Done. | loss: 3.5163 | aps: [1.         0.875      0.98611111 0.81666667] | mean_ap: 0.9194 | f1: 0.5564 | lr: 0.000986 | tr: 0.932230
[03.07.21|03:43:46] 	Iter 2900 Done. | loss: 3.4917 | aps: [0.         0.83333333 1.         1.        ] | mean_ap: 0.9444 | f1: 0.5270 | lr: 0.000986 | tr: 0.932230
[03.07.21|03:44:09] 	mean_loss: 3.527121240112382. Best so far: 3.5334347770327614 (epoch: 13).
[03.07.21|03:44:09] 	mean_aps: [0.31235195 0.92361378 0.97534725 0.92954039]. Best so far: 0 (epoch: 1).
[03.07.21|03:44:09] 	mean_mean_ap: 0.9639831424631451. Best so far: 0.8558536920059028 (epoch: 1).
[03.07.21|03:44:09] Time consumption:
[03.07.21|03:44:09] Done.
[03.07.21|03:44:09] Eval epoch: 14
[03.07.21|03:44:16] 	mean_loss: 3.5293087391626266. Best so far: 3.5293087391626266 (epoch: 14).
[03.07.21|03:44:16] 	mean_aps: [0.12857143 0.76760376 0.86005851 0.8436516 ]. Best so far: 0 (epoch: 1).
[03.07.21|03:44:16] 	mean_mean_ap: 0.8157236991718284. Best so far: 0.8558536920059028 (epoch: 1).
[03.07.21|03:44:16] Done.
[03.07.21|03:44:16] Training epoch: 15
[03.07.21|03:44:36] 	Iter 3000 Done. | loss: 3.5089 | aps: [0. 1. 1. 1.] | mean_ap: 1.0000 | f1: 0.5060 | lr: 0.000985 | tr: 0.927569
[03.07.21|03:45:17] 	Iter 3100 Done. | loss: 3.5115 | aps: [1. 1. 1. 1.] | mean_ap: 1.0000 | f1: 0.6263 | lr: 0.000985 | tr: 0.927569
[03.07.21|03:45:38] 	mean_loss: 3.5247182906581664. Best so far: 3.5293087391626266 (epoch: 14).
[03.07.21|03:45:38] 	mean_aps: [0.28985376 0.91189692 0.97791752 0.94188406]. Best so far: 0 (epoch: 1).
[03.07.21|03:45:38] 	mean_mean_ap: 0.9645129796344446. Best so far: 0.8558536920059028 (epoch: 1).
[03.07.21|03:45:38] Time consumption:
[03.07.21|03:45:38] Done.
[03.07.21|03:45:38] Eval epoch: 15
[03.07.21|03:45:45] 	mean_loss: 3.5281023184458413. Best so far: 3.5281023184458413 (epoch: 15).
[03.07.21|03:45:45] 	mean_aps: [0.11269841 0.7056198  0.87188786 0.78070615]. Best so far: 0 (epoch: 1).
[03.07.21|03:45:45] 	mean_mean_ap: 0.7938857348795698. Best so far: 0.8558536920059028 (epoch: 1).
[03.07.21|03:45:45] Done.
[03.07.21|03:45:46] Training epoch: 16
[03.07.21|03:46:07] 	Iter 3200 Done. | loss: 3.5257 | aps: [0. 1. 1. 1.] | mean_ap: 1.0000 | f1: 0.5465 | lr: 0.000984 | tr: 0.922931
[03.07.21|03:46:49] 	Iter 3300 Done. | loss: 3.5056 | aps: [0.         0.95       1.         0.81666667] | mean_ap: 0.9222 | f1: 0.5393 | lr: 0.000984 | tr: 0.922931
[03.07.21|03:47:09] 	mean_loss: 3.5240201139208023. Best so far: 3.5281023184458413 (epoch: 15).
[03.07.21|03:47:09] 	mean_aps: [0.30879865 0.92768992 0.9780522  0.95482559]. Best so far: 0 (epoch: 1).
[03.07.21|03:47:09] 	mean_mean_ap: 0.9635183501251782. Best so far: 0.8558536920059028 (epoch: 1).
[03.07.21|03:47:09] Time consumption:
[03.07.21|03:47:09] Done.
[03.07.21|03:47:09] Eval epoch: 16
[03.07.21|03:47:16] 	mean_loss: 3.5259201299576532. Best so far: 3.5259201299576532 (epoch: 16).
[03.07.21|03:47:16] 	mean_aps: [0.11904762 0.68181309 0.85075034 0.79679775]. Best so far: 0 (epoch: 1).
[03.07.21|03:47:16] 	mean_mean_ap: 0.7792896090954481. Best so far: 0.8558536920059028 (epoch: 1).
[03.07.21|03:47:16] Done.
[03.07.21|03:47:17] Training epoch: 17
[03.07.21|03:47:39] 	Iter 3400 Done. | loss: 3.5120 | aps: [0.         0.94285714 1.         1.        ] | mean_ap: 0.9810 | f1: 0.5848 | lr: 0.000983 | tr: 0.918316
[03.07.21|03:48:20] 	Iter 3500 Done. | loss: 3.5315 | aps: [0.         0.95       0.90555556 0.95      ] | mean_ap: 0.9352 | f1: 0.5360 | lr: 0.000983 | tr: 0.918316
[03.07.21|03:48:39] 	mean_loss: 3.5227068426645345. Best so far: 3.5259201299576532 (epoch: 16).
[03.07.21|03:48:39] 	mean_aps: [0.27948997 0.92630342 0.96937695 0.95437485]. Best so far: 0 (epoch: 1).
[03.07.21|03:48:39] 	mean_mean_ap: 0.9643503646576903. Best so far: 0.8558536920059028 (epoch: 1).
[03.07.21|03:48:39] Time consumption:
[03.07.21|03:48:39] Done.
[03.07.21|03:48:39] Eval epoch: 17
[03.07.21|03:48:46] 	mean_loss: 3.5283353442237493. Best so far: 3.5259201299576532 (epoch: 16).
[03.07.21|03:48:46] 	mean_aps: [0.19047619 0.78545351 0.87962065 0.7796631 ]. Best so far: 0 (epoch: 1).
[03.07.21|03:48:46] 	mean_mean_ap: 0.828890643559011. Best so far: 0.8558536920059028 (epoch: 1).
[03.07.21|03:48:46] Done.
[03.07.21|03:48:46] Training epoch: 18
[03.07.21|03:49:10] 	Iter 3600 Done. | loss: 3.5575 | aps: [1.         0.91666667 0.91666667 1.        ] | mean_ap: 0.9583 | f1: 0.8151 | lr: 0.000982 | tr: 0.913725
[03.07.21|03:49:52] 	Iter 3700 Done. | loss: 3.5226 | aps: [0.         0.87692308 0.93813131 0.79285714] | mean_ap: 0.8693 | f1: 0.4914 | lr: 0.000982 | tr: 0.913725
[03.07.21|03:50:09] 	mean_loss: 3.521973755153908. Best so far: 3.5259201299576532 (epoch: 16).
[03.07.21|03:50:09] 	mean_aps: [0.32656514 0.91194523 0.98048388 0.95016135]. Best so far: 0 (epoch: 1).
[03.07.21|03:50:09] 	mean_mean_ap: 0.9663260020570571. Best so far: 0.8558536920059028 (epoch: 1).
[03.07.21|03:50:09] Time consumption:
[03.07.21|03:50:09] Done.
[03.07.21|03:50:09] Eval epoch: 18
[03.07.21|03:50:16] 	mean_loss: 3.524536166872297. Best so far: 3.524536166872297 (epoch: 18).
[03.07.21|03:50:16] 	mean_aps: [0.1047619  0.65552154 0.85785736 0.74290313]. Best so far: 0 (epoch: 1).
[03.07.21|03:50:16] 	mean_mean_ap: 0.7675639023045486. Best so far: 0.8558536920059028 (epoch: 1).
[03.07.21|03:50:16] Done.
[03.07.21|03:50:16] Training epoch: 19
[03.07.21|03:50:42] 	Iter 3800 Done. | loss: 3.4841 | aps: [0.         0.92424242 1.         1.        ] | mean_ap: 0.9747 | f1: 0.5238 | lr: 0.000981 | tr: 0.909156
[03.07.21|03:51:23] 	Iter 3900 Done. | loss: 3.5496 | aps: [0.         1.         0.91666667 1.        ] | mean_ap: 0.9722 | f1: 0.4985 | lr: 0.000981 | tr: 0.909156
[03.07.21|03:51:39] 	mean_loss: 3.5202355517953787. Best so far: 3.524536166872297 (epoch: 18).
[03.07.21|03:51:39] 	mean_aps: [0.29385223 0.91656107 0.97746712 0.94191594]. Best so far: 0 (epoch: 1).
[03.07.21|03:51:39] 	mean_mean_ap: 0.960990833859811. Best so far: 0.8558536920059028 (epoch: 1).
[03.07.21|03:51:39] Time consumption:
[03.07.21|03:51:39] Done.
[03.07.21|03:51:39] Eval epoch: 19
[03.07.21|03:51:46] 	mean_loss: 3.5222553525652205. Best so far: 3.5222553525652205 (epoch: 19).
[03.07.21|03:51:46] 	mean_aps: [0.15079365 0.7330705  0.87460635 0.83985578]. Best so far: 0 (epoch: 1).
[03.07.21|03:51:46] 	mean_mean_ap: 0.8198452423898853. Best so far: 0.8558536920059028 (epoch: 1).
[03.07.21|03:51:46] Done.
[03.07.21|03:51:46] Training epoch: 20
[03.07.21|03:52:12] 	Iter 4000 Done. | loss: 3.4948 | aps: [0.         1.         1.         0.86666667] | mean_ap: 0.9556 | f1: 0.4688 | lr: 0.000980 | tr: 0.904610
[03.07.21|03:52:54] 	Iter 4100 Done. | loss: 3.5500 | aps: [0.         0.81666667 0.92666667 0.76666667] | mean_ap: 0.8367 | f1: 0.4583 | lr: 0.000980 | tr: 0.904610
[03.07.21|03:53:09] 	mean_loss: 3.51802832463066. Best so far: 3.5222553525652205 (epoch: 19).
[03.07.21|03:53:09] 	mean_aps: [0.30583756 0.93036716 0.97637749 0.94375939]. Best so far: 0 (epoch: 1).
[03.07.21|03:53:09] 	mean_mean_ap: 0.9625308201195897. Best so far: 0.8558536920059028 (epoch: 1).
[03.07.21|03:53:09] Time consumption:
[03.07.21|03:53:09] Done.
[03.07.21|03:53:09] Eval epoch: 20
[03.07.21|03:53:16] 	mean_loss: 3.522106238773891. Best so far: 3.522106238773891 (epoch: 20).
[03.07.21|03:53:16] 	mean_aps: [0.10912698 0.64636415 0.81309615 0.75682163]. Best so far: 0 (epoch: 1).
[03.07.21|03:53:16] 	mean_mean_ap: 0.7443614949864947. Best so far: 0.8558536920059028 (epoch: 1).
[03.07.21|03:53:16] Done.
[03.07.21|03:53:16] Training epoch: 21
[03.07.21|03:53:43] 	Iter 4200 Done. | loss: 3.5054 | aps: [0.         0.91666667 0.97619048 0.91666667] | mean_ap: 0.9365 | f1: 0.5095 | lr: 0.000979 | tr: 0.900087
[03.07.21|03:54:24] 	Iter 4300 Done. | loss: 3.4574 | aps: [0.         0.83333333 1.         1.        ] | mean_ap: 0.9444 | f1: 0.5929 | lr: 0.000979 | tr: 0.900087
[03.07.21|03:54:38] 	mean_loss: 3.5169320530092656. Best so far: 3.522106238773891 (epoch: 20).
[03.07.21|03:54:38] 	mean_aps: [0.30684473 0.92312794 0.97777807 0.94695578]. Best so far: 0 (epoch: 1).
[03.07.21|03:54:38] 	mean_mean_ap: 0.9635235400974463. Best so far: 0.8558536920059028 (epoch: 1).
[03.07.21|03:54:38] Time consumption:
[03.07.21|03:54:38] Done.
[03.07.21|03:54:38] Eval epoch: 21
[03.07.21|03:54:45] 	mean_loss: 3.524676811127436. Best so far: 3.522106238773891 (epoch: 20).
[03.07.21|03:54:45] 	mean_aps: [0.11904762 0.67965969 0.80547807 0.70367293]. Best so far: 0 (epoch: 1).
[03.07.21|03:54:45] 	mean_mean_ap: 0.7289091207671139. Best so far: 0.8558536920059028 (epoch: 1).
[03.07.21|03:54:45] Done.
[03.07.21|03:54:45] Training epoch: 22
[03.07.21|03:55:14] 	Iter 4400 Done. | loss: 3.5095 | aps: [0. 1. 1. 1.] | mean_ap: 1.0000 | f1: 0.6286 | lr: 0.000978 | tr: 0.895587
[03.07.21|03:55:55] 	Iter 4500 Done. | loss: 3.4892 | aps: [1. 1. 1. 1.] | mean_ap: 1.0000 | f1: 0.5798 | lr: 0.000978 | tr: 0.895587
[03.07.21|03:56:08] 	mean_loss: 3.516144067502869. Best so far: 3.522106238773891 (epoch: 20).
[03.07.21|03:56:08] 	mean_aps: [0.32191201 0.91527073 0.97768952 0.938034  ]. Best so far: 0 (epoch: 1).
[03.07.21|03:56:08] 	mean_mean_ap: 0.9665724488284992. Best so far: 0.8558536920059028 (epoch: 1).
[03.07.21|03:56:08] Time consumption:
[03.07.21|03:56:08] Done.
[03.07.21|03:56:08] Eval epoch: 22
[03.07.21|03:56:14] 	mean_loss: 3.5174876621791293. Best so far: 3.5174876621791293 (epoch: 22).
[03.07.21|03:56:14] 	mean_aps: [0.09259259 0.58691232 0.7817932  0.64720645]. Best so far: 0 (epoch: 1).
[03.07.21|03:56:14] 	mean_mean_ap: 0.6646089430641585. Best so far: 0.8558536920059028 (epoch: 1).
[03.07.21|03:56:14] Done.
[03.07.21|03:56:15] Training epoch: 23
[03.07.21|03:56:44] 	Iter 4600 Done. | loss: 3.4638 | aps: [0. 1. 1. 0.] | mean_ap: 1.0000 | f1: 0.3750 | lr: 0.000977 | tr: 0.891109
[03.07.21|03:57:26] 	Iter 4700 Done. | loss: 3.5766 | aps: [1.         0.86666667 0.85416667 0.90297619] | mean_ap: 0.9060 | f1: 0.5676 | lr: 0.000977 | tr: 0.891109
[03.07.21|03:57:37] 	mean_loss: 3.513817695191669. Best so far: 3.5174876621791293 (epoch: 22).
[03.07.21|03:57:37] 	mean_aps: [0.30964467 0.91302547 0.97566398 0.95324875]. Best so far: 0 (epoch: 1).
[03.07.21|03:57:37] 	mean_mean_ap: 0.9646777562451412. Best so far: 0.8558536920059028 (epoch: 1).
[03.07.21|03:57:37] Time consumption:
[03.07.21|03:57:37] Done.
[03.07.21|03:57:37] Eval epoch: 23
[03.07.21|03:57:44] 	mean_loss: 3.512264842078799. Best so far: 3.512264842078799 (epoch: 23).
[03.07.21|03:57:44] 	mean_aps: [0.11111111 0.65060178 0.85686111 0.72822839]. Best so far: 0 (epoch: 1).
[03.07.21|03:57:44] 	mean_mean_ap: 0.759361599298178. Best so far: 0.8558536920059028 (epoch: 1).
[03.07.21|03:57:44] Done.
[03.07.21|03:57:44] Training epoch: 24
[03.07.21|03:58:15] 	Iter 4800 Done. | loss: 3.5684 | aps: [0.         1.         0.83333333 1.        ] | mean_ap: 0.9444 | f1: 0.4861 | lr: 0.000976 | tr: 0.886654
[03.07.21|03:58:57] 	Iter 4900 Done. | loss: 3.5244 | aps: [1.   1.   0.95 1.  ] | mean_ap: 0.9875 | f1: 0.6636 | lr: 0.000976 | tr: 0.886654
[03.07.21|03:59:06] 	mean_loss: 3.5129606445428685. Best so far: 3.512264842078799 (epoch: 23).
[03.07.21|03:59:06] 	mean_aps: [0.29471839 0.91538533 0.97409021 0.94785375]. Best so far: 0 (epoch: 1).
[03.07.21|03:59:06] 	mean_mean_ap: 0.9643223841115077. Best so far: 0.8558536920059028 (epoch: 1).
[03.07.21|03:59:06] Time consumption:
[03.07.21|03:59:06] Done.
[03.07.21|03:59:06] Eval epoch: 24
[03.07.21|03:59:13] 	mean_loss: 3.521636826651437. Best so far: 3.512264842078799 (epoch: 23).
[03.07.21|03:59:13] 	mean_aps: [0.16666667 0.63585206 0.82812484 0.72449873]. Best so far: 0 (epoch: 1).
[03.07.21|03:59:13] 	mean_mean_ap: 0.7776675815509303. Best so far: 0.8558536920059028 (epoch: 1).
[03.07.21|03:59:13] Done.
[03.07.21|03:59:13] Training epoch: 25
[03.07.21|03:59:46] 	Iter 5000 Done. | loss: 3.5019 | aps: [0. 0. 1. 1.] | mean_ap: 1.0000 | f1: 0.4643 | lr: 0.000975 | tr: 0.882220
[03.07.21|04:00:27] 	Iter 5100 Done. | loss: 3.5224 | aps: [1.         0.78928571 1.         1.        ] | mean_ap: 0.9473 | f1: 0.6715 | lr: 0.000975 | tr: 0.882220
[03.07.21|04:00:36] 	mean_loss: 3.511568229210558. Best so far: 3.512264842078799 (epoch: 23).
[03.07.21|04:00:36] 	mean_aps: [0.30600677 0.9302562  0.97244392 0.95457052]. Best so far: 0 (epoch: 1).
[03.07.21|04:00:36] 	mean_mean_ap: 0.9652771025642747. Best so far: 0.8558536920059028 (epoch: 1).
[03.07.21|04:00:36] Time consumption:
[03.07.21|04:00:36] Done.
[03.07.21|04:00:36] Eval epoch: 25
[03.07.21|04:00:43] 	mean_loss: 3.5123067583356584. Best so far: 3.512264842078799 (epoch: 23).
[03.07.21|04:00:43] 	mean_aps: [0.17619048 0.66652967 0.8499795  0.71699214]. Best so far: 0 (epoch: 1).
[03.07.21|04:00:43] 	mean_mean_ap: 0.7579101197156752. Best so far: 0.8558536920059028 (epoch: 1).
[03.07.21|04:00:43] Done.
[03.07.21|04:00:43] Training epoch: 26
[03.07.21|04:01:16] 	Iter 5200 Done. | loss: 3.5455 | aps: [0. 1. 1. 1.] | mean_ap: 1.0000 | f1: 0.4754 | lr: 0.000974 | tr: 0.877809
[03.07.21|04:01:58] 	Iter 5300 Done. | loss: 3.4893 | aps: [0.         1.         0.98214286 1.        ] | mean_ap: 0.9940 | f1: 0.4886 | lr: 0.000974 | tr: 0.877809
[03.07.21|04:02:05] 	mean_loss: 3.512086681908157. Best so far: 3.512264842078799 (epoch: 23).
[03.07.21|04:02:05] 	mean_aps: [0.29906937 0.89790325 0.976287   0.95068893]. Best so far: 0 (epoch: 1).
[03.07.21|04:02:05] 	mean_mean_ap: 0.9630848163375634. Best so far: 0.8558536920059028 (epoch: 1).
[03.07.21|04:02:05] Time consumption:
[03.07.21|04:02:05] Done.
[03.07.21|04:02:05] Eval epoch: 26
[03.07.21|04:02:12] 	mean_loss: 3.516745238077073. Best so far: 3.512264842078799 (epoch: 23).
[03.07.21|04:02:12] 	mean_aps: [0.12301587 0.63428932 0.81193705 0.81354741]. Best so far: 0 (epoch: 1).
[03.07.21|04:02:12] 	mean_mean_ap: 0.7407055396312766. Best so far: 0.8558536920059028 (epoch: 1).
[03.07.21|04:02:12] Done.
[03.07.21|04:02:12] Training epoch: 27
[03.07.21|04:02:47] 	Iter 5400 Done. | loss: 3.4562 | aps: [0. 1. 1. 1.] | mean_ap: 1.0000 | f1: 0.5833 | lr: 0.000973 | tr: 0.873420
[03.07.21|04:03:28] 	Iter 5500 Done. | loss: 3.5311 | aps: [0. 1. 1. 1.] | mean_ap: 1.0000 | f1: 0.5208 | lr: 0.000973 | tr: 0.873420
[03.07.21|04:03:34] 	mean_loss: 3.5118807862857877. Best so far: 3.512264842078799 (epoch: 23).
[03.07.21|04:03:34] 	mean_aps: [0.27935702 0.91795918 0.98304386 0.92687174]. Best so far: 0 (epoch: 1).
[03.07.21|04:03:34] 	mean_mean_ap: 0.963408750181598. Best so far: 0.8558536920059028 (epoch: 1).
[03.07.21|04:03:34] Time consumption:
[03.07.21|04:03:34] Done.
[03.07.21|04:03:34] Eval epoch: 27
[03.07.21|04:03:41] 	mean_loss: 3.5116916043417796. Best so far: 3.5116916043417796 (epoch: 27).
[03.07.21|04:03:41] 	mean_aps: [0.08928571 0.68073791 0.86506724 0.74068073]. Best so far: 0 (epoch: 1).
[03.07.21|04:03:41] 	mean_mean_ap: 0.7691410347809157. Best so far: 0.8558536920059028 (epoch: 1).
[03.07.21|04:03:41] Done.
[03.07.21|04:03:41] Training epoch: 28
[03.07.21|04:04:17] 	Iter 5600 Done. | loss: 3.4735 | aps: [0. 1. 1. 1.] | mean_ap: 1.0000 | f1: 0.6593 | lr: 0.000972 | tr: 0.869053
[03.07.21|04:04:58] 	Iter 5700 Done. | loss: 3.4952 | aps: [0.         1.         1.         0.86666667] | mean_ap: 0.9556 | f1: 0.5616 | lr: 0.000972 | tr: 0.869053
[03.07.21|04:05:03] 	mean_loss: 3.509480976211238. Best so far: 3.5116916043417796 (epoch: 27).
[03.07.21|04:05:03] 	mean_aps: [0.30231246 0.92602054 0.97140749 0.94769567]. Best so far: 0 (epoch: 1).
[03.07.21|04:05:03] 	mean_mean_ap: 0.9671424127701321. Best so far: 0.8558536920059028 (epoch: 1).
[03.07.21|04:05:03] Time consumption:
[03.07.21|04:05:03] Done.
[03.07.21|04:05:03] Eval epoch: 28
[03.07.21|04:05:10] 	mean_loss: 3.5151788280123757. Best so far: 3.5116916043417796 (epoch: 27).
[03.07.21|04:05:10] 	mean_aps: [0.0952381  0.58082354 0.79071867 0.77909992]. Best so far: 0 (epoch: 1).
[03.07.21|04:05:10] 	mean_mean_ap: 0.7072597403960783. Best so far: 0.8558536920059028 (epoch: 1).
[03.07.21|04:05:10] Done.
[03.07.21|04:05:10] Training epoch: 29
[03.07.21|04:05:47] 	Iter 5800 Done. | loss: 3.4956 | aps: [1. 1. 1. 1.] | mean_ap: 1.0000 | f1: 0.7619 | lr: 0.000971 | tr: 0.864708
[03.07.21|04:06:28] 	Iter 5900 Done. | loss: 3.5028 | aps: [0. 1. 1. 1.] | mean_ap: 1.0000 | f1: 0.6090 | lr: 0.000971 | tr: 0.864708
[03.07.21|04:06:32] 	mean_loss: 3.508266101633837. Best so far: 3.5116916043417796 (epoch: 27).
[03.07.21|04:06:32] 	mean_aps: [0.29593909 0.88996951 0.9772199  0.95222635]. Best so far: 0 (epoch: 1).
[03.07.21|04:06:32] 	mean_mean_ap: 0.9607578542192996. Best so far: 0.8558536920059028 (epoch: 1).
[03.07.21|04:06:32] Time consumption:
[03.07.21|04:06:32] Done.
[03.07.21|04:06:32] Eval epoch: 29
[03.07.21|04:06:39] 	mean_loss: 3.510422842843192. Best so far: 3.510422842843192 (epoch: 29).
[03.07.21|04:06:39] 	mean_aps: [0.12301587 0.61938947 0.90982924 0.74391328]. Best so far: 0 (epoch: 1).
[03.07.21|04:06:39] 	mean_mean_ap: 0.7935873044503997. Best so far: 0.8558536920059028 (epoch: 1).
[03.07.21|04:06:39] Done.
[03.07.21|04:06:39] Training epoch: 30
[03.07.21|04:07:18] 	Iter 6000 Done. | loss: 3.4507 | aps: [0. 1. 1. 1.] | mean_ap: 1.0000 | f1: 0.5833 | lr: 0.000970 | tr: 0.860384
[03.07.21|04:07:59] 	Iter 6100 Done. | loss: 3.4822 | aps: [0. 1. 1. 1.] | mean_ap: 1.0000 | f1: 0.5368 | lr: 0.000970 | tr: 0.860384
[03.07.21|04:08:02] 	mean_loss: 3.5082859109500943. Best so far: 3.510422842843192 (epoch: 29).
[03.07.21|04:08:02] 	mean_aps: [0.32813633 0.91946636 0.97106868 0.9451399 ]. Best so far: 0 (epoch: 1).
[03.07.21|04:08:02] 	mean_mean_ap: 0.9675454835288727. Best so far: 0.8558536920059028 (epoch: 1).
[03.07.21|04:08:02] Time consumption:
[03.07.21|04:08:02] Done.
[03.07.21|04:08:02] Eval epoch: 30
[03.07.21|04:08:09] 	mean_loss: 3.513402132760911. Best so far: 3.510422842843192 (epoch: 29).
[03.07.21|04:08:09] 	mean_aps: [0.07275132 0.64192177 0.81620775 0.72770597]. Best so far: 0 (epoch: 1).
[03.07.21|04:08:09] 	mean_mean_ap: 0.7236512885577511. Best so far: 0.8558536920059028 (epoch: 1).
[03.07.21|04:08:09] Done.
[03.07.21|04:08:09] Training epoch: 31
[03.07.21|04:08:49] 	Iter 6200 Done. | loss: 3.4967 | aps: [0.         1.         1.         0.89285714] | mean_ap: 0.9643 | f1: 0.6104 | lr: 0.000969 | tr: 0.856082
[03.07.21|04:09:29] 	Iter 6300 Done. | loss: 3.5243 | aps: [1.         0.885      0.96666667 1.        ] | mean_ap: 0.9629 | f1: 0.7661 | lr: 0.000969 | tr: 0.856082
[03.07.21|04:09:30] 	mean_loss: 3.5073979227676007. Best so far: 3.510422842843192 (epoch: 29).
[03.07.21|04:09:30] 	mean_aps: [0.30752961 0.92740298 0.97706448 0.93644057]. Best so far: 0 (epoch: 1).
[03.07.21|04:09:30] 	mean_mean_ap: 0.9656739074546464. Best so far: 0.8558536920059028 (epoch: 1).
[03.07.21|04:09:30] Time consumption:
[03.07.21|04:09:30] Done.
[03.07.21|04:09:30] Eval epoch: 31
[03.07.21|04:09:37] 	mean_loss: 3.5159903935023715. Best so far: 3.510422842843192 (epoch: 29).
[03.07.21|04:09:37] 	mean_aps: [0.17142857 0.66463845 0.88382781 0.83884795]. Best so far: 0 (epoch: 1).
[03.07.21|04:09:37] 	mean_mean_ap: 0.8163300569947396. Best so far: 0.8558536920059028 (epoch: 1).
[03.07.21|04:09:37] Done.
[03.07.21|04:09:37] Training epoch: 32
[03.07.21|04:10:18] 	Iter 6400 Done. | loss: 3.5285 | aps: [0.         1.         1.         0.92666667] | mean_ap: 0.9756 | f1: 0.5661 | lr: 0.000968 | tr: 0.851802
[03.07.21|04:10:59] 	Iter 6500 Done. | loss: 3.4993 | aps: [0.         0.86666667 1.         1.        ] | mean_ap: 0.9556 | f1: 0.6226 | lr: 0.000968 | tr: 0.851802
[03.07.21|04:10:59] 	mean_loss: 3.507563024608012. Best so far: 3.510422842843192 (epoch: 29).
[03.07.21|04:10:59] 	mean_aps: [0.30541455 0.91383715 0.97190077 0.94785486]. Best so far: 0 (epoch: 1).
[03.07.21|04:10:59] 	mean_mean_ap: 0.9640793838312043. Best so far: 0.8558536920059028 (epoch: 1).
[03.07.21|04:10:59] Time consumption:
[03.07.21|04:10:59] Done.
[03.07.21|04:10:59] Eval epoch: 32
[03.07.21|04:11:06] 	mean_loss: 3.5073462894984653. Best so far: 3.5073462894984653 (epoch: 32).
[03.07.21|04:11:06] 	mean_aps: [0.13174603 0.74888666 0.88864321 0.84174934]. Best so far: 0 (epoch: 1).
[03.07.21|04:11:06] 	mean_mean_ap: 0.847522197360987. Best so far: 0.8558536920059028 (epoch: 1).
[03.07.21|04:11:06] Done.
[03.07.21|04:11:06] Training epoch: 33
[03.07.21|04:11:48] 	Iter 6600 Done. | loss: 3.5057 | aps: [0. 1. 1. 1.] | mean_ap: 1.0000 | f1: 0.6500 | lr: 0.000968 | tr: 0.847543
[03.07.21|04:12:28] 	mean_loss: 3.505801171820781. Best so far: 3.5073462894984653 (epoch: 32).
[03.07.21|04:12:28] 	mean_aps: [0.28172589 0.92559538 0.97564785 0.93946432]. Best so far: 0 (epoch: 1).
[03.07.21|04:12:28] 	mean_mean_ap: 0.9664286593208014. Best so far: 0.8558536920059028 (epoch: 1).
[03.07.21|04:12:28] Time consumption:
[03.07.21|04:12:28] Done.
[03.07.21|04:12:28] Eval epoch: 33
[03.07.21|04:12:35] 	mean_loss: 3.5120018890925815. Best so far: 3.5073462894984653 (epoch: 32).
[03.07.21|04:12:35] 	mean_aps: [0.18253968 0.51445862 0.82739249 0.7397808 ]. Best so far: 0 (epoch: 1).
[03.07.21|04:12:35] 	mean_mean_ap: 0.7261217941027087. Best so far: 0.8558536920059028 (epoch: 1).
[03.07.21|04:12:35] Done.
[03.07.21|04:12:35] Training epoch: 34
[03.07.21|04:12:37] 	Iter 6700 Done. | loss: 3.5072 | aps: [0.         0.95833333 0.95262897 0.89285714] | mean_ap: 0.9346 | f1: 0.5590 | lr: 0.000967 | tr: 0.843305
[03.07.21|04:13:19] 	Iter 6800 Done. | loss: 3.5053 | aps: [0. 1. 1. 1.] | mean_ap: 1.0000 | f1: 0.5667 | lr: 0.000967 | tr: 0.843305
[03.07.21|04:13:58] 	mean_loss: 3.512801524951373. Best so far: 3.5073462894984653 (epoch: 32).
[03.07.21|04:13:58] 	mean_aps: [0.30812183 0.8889205  0.972655   0.93606663]. Best so far: 0 (epoch: 1).
[03.07.21|04:13:58] 	mean_mean_ap: 0.9656992767372041. Best so far: 0.8558536920059028 (epoch: 1).
[03.07.21|04:13:58] Time consumption:
[03.07.21|04:13:58] Done.
[03.07.21|04:13:58] Eval epoch: 34
[03.07.21|04:14:05] 	mean_loss: 3.5113700798579623. Best so far: 3.5073462894984653 (epoch: 32).
[03.07.21|04:14:05] 	mean_aps: [0.1468254  0.64894936 0.82687716 0.76553666]. Best so far: 0 (epoch: 1).
[03.07.21|04:14:05] 	mean_mean_ap: 0.7509632970251593. Best so far: 0.8558536920059028 (epoch: 1).
[03.07.21|04:14:05] Done.
[03.07.21|04:14:05] Training epoch: 35
[03.07.21|04:14:08] 	Iter 6900 Done. | loss: 3.4981 | aps: [0.   0.95 1.   1.  ] | mean_ap: 0.9833 | f1: 0.5387 | lr: 0.000966 | tr: 0.839089
[03.07.21|04:14:50] 	Iter 7000 Done. | loss: 3.5132 | aps: [0. 1. 1. 1.] | mean_ap: 1.0000 | f1: 0.5625 | lr: 0.000966 | tr: 0.839089
[03.07.21|04:15:27] 	mean_loss: 3.5064247404863385. Best so far: 3.5073462894984653 (epoch: 32).
[03.07.21|04:15:27] 	mean_aps: [0.30964467 0.93821223 0.97684922 0.95765907]. Best so far: 0 (epoch: 1).
[03.07.21|04:15:27] 	mean_mean_ap: 0.9670590107951118. Best so far: 0.8558536920059028 (epoch: 1).
[03.07.21|04:15:27] Time consumption:
[03.07.21|04:15:27] Done.
[03.07.21|04:15:27] Eval epoch: 35
Warning! Max label diff is 0.0008528679609298706
Warning! Max label diff is 0.0009902715682983398
[03.07.21|04:15:34] 	mean_loss: 3.507955267315819. Best so far: 3.5073462894984653 (epoch: 32).
[03.07.21|04:15:34] 	mean_aps: [0.09126984 0.6342024  0.80264334 0.79638528]. Best so far: 0 (epoch: 1).
[03.07.21|04:15:34] 	mean_mean_ap: 0.733966615867126. Best so far: 0.8558536920059028 (epoch: 1).
[03.07.21|04:15:34] Done.
[03.07.21|04:15:34] Training epoch: 36
[03.07.21|04:15:39] 	Iter 7100 Done. | loss: 3.5261 | aps: [0.         1.         0.9        0.90285714] | mean_ap: 0.9343 | f1: 0.5733 | lr: 0.000965 | tr: 0.834893
[03.07.21|04:16:19] 	Iter 7200 Done. | loss: 3.4922 | aps: [1.         1.         1.         0.80952381] | mean_ap: 0.9524 | f1: 0.7560 | lr: 0.000965 | tr: 0.834893
[03.07.21|04:16:56] 	mean_loss: 3.5039898090556187. Best so far: 3.5073462894984653 (epoch: 32).
[03.07.21|04:16:56] 	mean_aps: [0.32208122 0.92480924 0.9756567  0.93969843]. Best so far: 0 (epoch: 1).
[03.07.21|04:16:56] 	mean_mean_ap: 0.968790861393681. Best so far: 0.8558536920059028 (epoch: 1).
[03.07.21|04:16:56] Time consumption:
[03.07.21|04:16:56] Done.
[03.07.21|04:16:56] Eval epoch: 36
Warning! Max label diff is 0.0007058382034301758
[03.07.21|04:17:03] 	mean_loss: 3.511720748174758. Best so far: 3.5073462894984653 (epoch: 32).
[03.07.21|04:17:03] 	mean_aps: [0.11904762 0.69058862 0.71447693 0.8056576 ]. Best so far: 0 (epoch: 1).
[03.07.21|04:17:03] 	mean_mean_ap: 0.7576091962892794. Best so far: 0.8558536920059028 (epoch: 1).
[03.07.21|04:17:03] Done.
[03.07.21|04:17:03] Training epoch: 37
[03.07.21|04:17:08] 	Iter 7300 Done. | loss: 3.5305 | aps: [0. 1. 1. 1.] | mean_ap: 1.0000 | f1: 0.6667 | lr: 0.000964 | tr: 0.830719
[03.07.21|04:17:50] 	Iter 7400 Done. | loss: 3.5138 | aps: [0.         0.98214286 0.89546485 0.75      ] | mean_ap: 0.8759 | f1: 0.5287 | lr: 0.000964 | tr: 0.830719
[03.07.21|04:18:25] 	mean_loss: 3.5045064596960387. Best so far: 3.5073462894984653 (epoch: 32).
[03.07.21|04:18:25] 	mean_aps: [0.29780034 0.91895111 0.97522828 0.93857437]. Best so far: 0 (epoch: 1).
[03.07.21|04:18:25] 	mean_mean_ap: 0.9642888862820276. Best so far: 0.8558536920059028 (epoch: 1).
[03.07.21|04:18:25] Time consumption:
[03.07.21|04:18:25] Done.
[03.07.21|04:18:25] Eval epoch: 37
[03.07.21|04:18:32] 	mean_loss: 3.505858307793027. Best so far: 3.505858307793027 (epoch: 37).
[03.07.21|04:18:32] 	mean_aps: [0.0414966  0.59902099 0.89812476 0.62456929]. Best so far: 0 (epoch: 1).
[03.07.21|04:18:32] 	mean_mean_ap: 0.7202249454375304. Best so far: 0.8558536920059028 (epoch: 1).
[03.07.21|04:18:32] Done.
[03.07.21|04:18:32] Training epoch: 38
[03.07.21|04:18:39] 	Iter 7500 Done. | loss: 3.5255 | aps: [1.         0.88571429 0.95833333 0.86111111] | mean_ap: 0.9263 | f1: 0.7021 | lr: 0.000963 | tr: 0.826565
[03.07.21|04:19:20] 	Iter 7600 Done. | loss: 3.4693 | aps: [0.   0.95 1.   1.  ] | mean_ap: 0.9833 | f1: 0.6197 | lr: 0.000963 | tr: 0.826565
[03.07.21|04:19:54] 	mean_loss: 3.5039653620744113. Best so far: 3.505858307793027 (epoch: 37).
[03.07.21|04:19:54] 	mean_aps: [0.30203046 0.91683098 0.97345636 0.95093699]. Best so far: 0 (epoch: 1).
[03.07.21|04:19:54] 	mean_mean_ap: 0.9648551423481173. Best so far: 0.8558536920059028 (epoch: 1).
[03.07.21|04:19:54] Time consumption:
[03.07.21|04:19:54] Done.
[03.07.21|04:19:54] Eval epoch: 38
[03.07.21|04:20:01] 	mean_loss: 3.5081515993390764. Best so far: 3.505858307793027 (epoch: 37).
[03.07.21|04:20:01] 	mean_aps: [0.18253968 0.54549492 0.79993541 0.71235612]. Best so far: 0 (epoch: 1).
[03.07.21|04:20:01] 	mean_mean_ap: 0.7237577692212046. Best so far: 0.8558536920059028 (epoch: 1).
[03.07.21|04:20:01] Done.
[03.07.21|04:20:01] Training epoch: 39
[03.07.21|04:20:09] 	Iter 7700 Done. | loss: 3.4674 | aps: [1. 1. 1. 1.] | mean_ap: 1.0000 | f1: 0.8474 | lr: 0.000962 | tr: 0.822432
[03.07.21|04:20:50] 	Iter 7800 Done. | loss: 3.5110 | aps: [1. 1. 1. 1.] | mean_ap: 1.0000 | f1: 0.8590 | lr: 0.000962 | tr: 0.822432
[03.07.21|04:21:23] 	mean_loss: 3.5050338500647373. Best so far: 3.505858307793027 (epoch: 37).
[03.07.21|04:21:23] 	mean_aps: [0.31387479 0.94584696 0.968895   0.93086048]. Best so far: 0 (epoch: 1).
[03.07.21|04:21:23] 	mean_mean_ap: 0.9650376297220076. Best so far: 0.8558536920059028 (epoch: 1).
[03.07.21|04:21:23] Time consumption:
[03.07.21|04:21:23] Done.
[03.07.21|04:21:23] Eval epoch: 39
[03.07.21|04:21:30] 	mean_loss: 3.5079394635700045. Best so far: 3.505858307793027 (epoch: 37).
[03.07.21|04:21:30] 	mean_aps: [0.04013605 0.56113379 0.8928182  0.67945862]. Best so far: 0 (epoch: 1).
[03.07.21|04:21:30] 	mean_mean_ap: 0.6823001475722563. Best so far: 0.8558536920059028 (epoch: 1).
[03.07.21|04:21:30] Done.
[03.07.21|04:21:30] Training epoch: 40
[03.07.21|04:21:39] 	Iter 7900 Done. | loss: 3.4776 | aps: [0.         0.91666667 1.         0.8125    ] | mean_ap: 0.9097 | f1: 0.5455 | lr: 0.000961 | tr: 0.818320
[03.07.21|04:22:20] 	Iter 8000 Done. | loss: 3.5092 | aps: [0.         1.         0.96666667 0.80555556] | mean_ap: 0.9241 | f1: 0.5798 | lr: 0.000961 | tr: 0.818320
[03.07.21|04:22:52] 	mean_loss: 3.505542096752806. Best so far: 3.505858307793027 (epoch: 37).
[03.07.21|04:22:52] 	mean_aps: [0.3071066  0.91514937 0.97610357 0.94812877]. Best so far: 0 (epoch: 1).
[03.07.21|04:22:52] 	mean_mean_ap: 0.9636313726895672. Best so far: 0.8558536920059028 (epoch: 1).
[03.07.21|04:22:52] Time consumption:
[03.07.21|04:22:52] Done.
[03.07.21|04:22:52] Eval epoch: 40
[03.07.21|04:22:58] 	mean_loss: 3.5066376527150473. Best so far: 3.505858307793027 (epoch: 37).
[03.07.21|04:22:58] 	mean_aps: [0.09444444 0.50712284 0.88397686 0.64195372]. Best so far: 0 (epoch: 1).
[03.07.21|04:22:58] 	mean_mean_ap: 0.6863708554609915. Best so far: 0.8558536920059028 (epoch: 1).
[03.07.21|04:22:58] Done.
[03.07.21|04:22:58] Training epoch: 41
[03.07.21|04:23:09] 	Iter 8100 Done. | loss: 3.5381 | aps: [0.         0.91507937 0.9        0.89172336] | mean_ap: 0.9023 | f1: 0.5705 | lr: 0.000960 | tr: 0.814229
[03.07.21|04:23:51] 	Iter 8200 Done. | loss: 3.4625 | aps: [0.         1.         1.         0.86666667] | mean_ap: 0.9556 | f1: 0.5714 | lr: 0.000960 | tr: 0.814229
[03.07.21|04:24:21] 	mean_loss: 3.505099672956515. Best so far: 3.505858307793027 (epoch: 37).
[03.07.21|04:24:21] 	mean_aps: [0.30118443 0.89895823 0.97967783 0.95259835]. Best so far: 0 (epoch: 1).
[03.07.21|04:24:21] 	mean_mean_ap: 0.9678243896236881. Best so far: 0.8558536920059028 (epoch: 1).
[03.07.21|04:24:21] Time consumption:
[03.07.21|04:24:21] Done.
[03.07.21|04:24:21] Eval epoch: 41
Warning! Max label diff is 0.0007207691669464111
[03.07.21|04:24:28] 	mean_loss: 3.5108889171055386. Best so far: 3.505858307793027 (epoch: 37).
[03.07.21|04:24:28] 	mean_aps: [0.08492063 0.63571618 0.88094074 0.64273621]. Best so far: 0 (epoch: 1).
[03.07.21|04:24:28] 	mean_mean_ap: 0.7179699075096609. Best so far: 0.8558536920059028 (epoch: 1).
[03.07.21|04:24:28] Done.
[03.07.21|04:24:28] Training epoch: 42
[03.07.21|04:24:40] 	Iter 8300 Done. | loss: 3.4957 | aps: [1.         0.84333333 0.98888889 0.9484127 ] | mean_ap: 0.9452 | f1: 0.7374 | lr: 0.000959 | tr: 0.810157
[03.07.21|04:25:21] 	Iter 8400 Done. | loss: 3.5156 | aps: [1.   1.   0.95 1.  ] | mean_ap: 0.9875 | f1: 0.8540 | lr: 0.000959 | tr: 0.810157
[03.07.21|04:25:49] 	mean_loss: 3.5060748581958907. Best so far: 3.505858307793027 (epoch: 37).
[03.07.21|04:25:49] 	mean_aps: [0.3071066  0.92228263 0.96941299 0.93658719]. Best so far: 0 (epoch: 1).
[03.07.21|04:25:49] 	mean_mean_ap: 0.9624457599601373. Best so far: 0.8558536920059028 (epoch: 1).
[03.07.21|04:25:49] Time consumption:
[03.07.21|04:25:49] Done.
[03.07.21|04:25:49] Eval epoch: 42
[03.07.21|04:25:56] 	mean_loss: 3.5068030584426153. Best so far: 3.505858307793027 (epoch: 37).
[03.07.21|04:25:56] 	mean_aps: [0.10873016 0.61805826 0.83299046 0.70601   ]. Best so far: 0 (epoch: 1).
[03.07.21|04:25:56] 	mean_mean_ap: 0.7041119298549144. Best so far: 0.8558536920059028 (epoch: 1).
[03.07.21|04:25:56] Done.
[03.07.21|04:25:56] Training epoch: 43
[03.07.21|04:26:09] 	Iter 8500 Done. | loss: 3.4722 | aps: [0. 1. 1. 1.] | mean_ap: 1.0000 | f1: 0.5814 | lr: 0.000958 | tr: 0.806107
[03.07.21|04:26:50] 	Iter 8600 Done. | loss: 3.5062 | aps: [0.         0.80952381 1.         1.        ] | mean_ap: 0.9365 | f1: 0.5542 | lr: 0.000958 | tr: 0.806107
[03.07.21|04:27:18] 	mean_loss: 3.5058625869944615. Best so far: 3.505858307793027 (epoch: 37).
[03.07.21|04:27:18] 	mean_aps: [0.30245347 0.91763638 0.97685378 0.94593231]. Best so far: 0 (epoch: 1).
[03.07.21|04:27:18] 	mean_mean_ap: 0.9651673384765376. Best so far: 0.8558536920059028 (epoch: 1).
[03.07.21|04:27:18] Time consumption:
[03.07.21|04:27:18] Done.
[03.07.21|04:27:18] Eval epoch: 43
Warning! Max label diff is 0.0005451738834381104
Warning! Max label diff is 0.0005728006362915039
Warning! Max label diff is 0.0007871389389038086
Warning! Max label diff is 0.0006174445152282715
Warning! Max label diff is 0.0007475316524505615
[03.07.21|04:27:25] 	mean_loss: 3.5134963421594527. Best so far: 3.505858307793027 (epoch: 37).
[03.07.21|04:27:25] 	mean_aps: [0.13492063 0.59513322 0.83333343 0.76646699]. Best so far: 0 (epoch: 1).
[03.07.21|04:27:25] 	mean_mean_ap: 0.7725391446862536. Best so far: 0.8558536920059028 (epoch: 1).
[03.07.21|04:27:25] Done.
[03.07.21|04:27:25] Training epoch: 44
[03.07.21|04:27:40] 	Iter 8700 Done. | loss: 3.4864 | aps: [1.   1.   1.   0.95] | mean_ap: 0.9875 | f1: 0.7461 | lr: 0.000957 | tr: 0.802076
[03.07.21|04:28:21] 	Iter 8800 Done. | loss: 3.5154 | aps: [0.   1.   1.   0.95] | mean_ap: 0.9833 | f1: 0.5408 | lr: 0.000957 | tr: 0.802076
[03.07.21|04:28:47] 	mean_loss: 3.5062206481313947. Best so far: 3.505858307793027 (epoch: 37).
[03.07.21|04:28:47] 	mean_aps: [0.31150592 0.92563768 0.97804324 0.95114732]. Best so far: 0 (epoch: 1).
[03.07.21|04:28:47] 	mean_mean_ap: 0.9683870458251047. Best so far: 0.8558536920059028 (epoch: 1).
[03.07.21|04:28:47] Time consumption:
[03.07.21|04:28:47] Done.
[03.07.21|04:28:47] Eval epoch: 44
Warning! Max label diff is 0.000315934419631958
Warning! Max label diff is 0.0006766617298126221
Warning! Max label diff is 0.0003860890865325928
Warning! Max label diff is 0.00043022632598876953
Warning! Max label diff is 0.0008907318115234375
Warning! Max label diff is 0.0009314417839050293
Warning! Max label diff is 0.0004197657108306885
Warning! Max label diff is 0.000387728214263916
[03.07.21|04:28:54] 	mean_loss: 3.5111753827049617. Best so far: 3.505858307793027 (epoch: 37).
[03.07.21|04:28:54] 	mean_aps: [0.10714286 0.56368859 0.84166032 0.65498866]. Best so far: 0 (epoch: 1).
[03.07.21|04:28:54] 	mean_mean_ap: 0.6737884452722888. Best so far: 0.8558536920059028 (epoch: 1).
[03.07.21|04:28:54] Done.
[03.07.21|04:28:54] Training epoch: 45
[03.07.21|04:29:10] 	Iter 8900 Done. | loss: 3.5154 | aps: [0.         0.875      0.95833333 0.91666667] | mean_ap: 0.9167 | f1: 0.5875 | lr: 0.000956 | tr: 0.798066
[03.07.21|04:29:51] 	Iter 9000 Done. | loss: 3.5083 | aps: [0. 1. 1. 1.] | mean_ap: 1.0000 | f1: 0.5889 | lr: 0.000956 | tr: 0.798066
[03.07.21|04:30:17] 	mean_loss: 3.507261011201113. Best so far: 3.505858307793027 (epoch: 37).
[03.07.21|04:30:17] 	mean_aps: [0.28697124 0.89960615 0.97081088 0.91914238]. Best so far: 0 (epoch: 1).
[03.07.21|04:30:17] 	mean_mean_ap: 0.9675724681502192. Best so far: 0.8558536920059028 (epoch: 1).
[03.07.21|04:30:17] Time consumption:
[03.07.21|04:30:17] Done.
[03.07.21|04:30:17] Eval epoch: 45
Warning! Max label diff is 0.00035452842712402344
Warning! Max label diff is 0.0008053481578826904
Warning! Max label diff is 0.0005501806735992432
Warning! Max label diff is 0.0004094243049621582
Warning! Max label diff is 0.0009064078330993652
Warning! Max label diff is 0.00031751394271850586
[03.07.21|04:30:23] 	mean_loss: 3.5138614745367143. Best so far: 3.505858307793027 (epoch: 37).
[03.07.21|04:30:23] 	mean_aps: [0.11394558 0.65577286 0.78886205 0.81339174]. Best so far: 0 (epoch: 1).
[03.07.21|04:30:23] 	mean_mean_ap: 0.7426746076283114. Best so far: 0.8558536920059028 (epoch: 1).
[03.07.21|04:30:23] Done.
[03.07.21|04:30:23] Training epoch: 46
[03.07.21|04:30:40] 	Iter 9100 Done. | loss: 3.4811 | aps: [0. 1. 1. 1.] | mean_ap: 1.0000 | f1: 0.5974 | lr: 0.000955 | tr: 0.794075
[03.07.21|04:31:21] 	Iter 9200 Done. | loss: 3.4763 | aps: [0.         0.91666667 1.         0.        ] | mean_ap: 0.9583 | f1: 0.4208 | lr: 0.000955 | tr: 0.794075
[03.07.21|04:31:45] 	mean_loss: 3.50960156034092. Best so far: 3.505858307793027 (epoch: 37).
[03.07.21|04:31:45] 	mean_aps: [0.29483926 0.91305745 0.97789362 0.94199732]. Best so far: 0 (epoch: 1).
[03.07.21|04:31:45] 	mean_mean_ap: 0.9674573770032537. Best so far: 0.8558536920059028 (epoch: 1).
[03.07.21|04:31:45] Time consumption:
[03.07.21|04:31:45] Done.
[03.07.21|04:31:45] Eval epoch: 46
Warning! Max label diff is 0.0005397945642471313
Warning! Max label diff is 0.00028449296951293945
Warning! Max label diff is 0.000903397798538208
Warning! Max label diff is 0.00028443336486816406
Warning! Max label diff is 0.0007760822772979736
Warning! Max label diff is 0.00041243433952331543
Warning! Max label diff is 0.00030866265296936035
Warning! Max label diff is 0.0005292296409606934
Warning! Max label diff is 0.0006031543016433716
Warning! Max label diff is 0.00047835707664489746
[03.07.21|04:31:52] 	mean_loss: 3.505790188198998. Best so far: 3.505790188198998 (epoch: 46).
[03.07.21|04:31:52] 	mean_aps: [0.04940476 0.66317695 0.83723817 0.72320638]. Best so far: 0 (epoch: 1).
[03.07.21|04:31:52] 	mean_mean_ap: 0.7685668510229168. Best so far: 0.8558536920059028 (epoch: 1).
[03.07.21|04:31:52] Done.
[03.07.21|04:31:52] Training epoch: 47
[03.07.21|04:32:11] 	Iter 9300 Done. | loss: 3.5153 | aps: [0.         0.79166667 1.         0.94285714] | mean_ap: 0.9115 | f1: 0.5486 | lr: 0.000954 | tr: 0.790105
[03.07.21|04:32:52] 	Iter 9400 Done. | loss: 3.5443 | aps: [1.         0.87666667 1.         0.92142857] | mean_ap: 0.9495 | f1: 0.7174 | lr: 0.000954 | tr: 0.790105
[03.07.21|04:33:14] 	mean_loss: 3.511255116632142. Best so far: 3.505790188198998 (epoch: 46).
[03.07.21|04:33:14] 	mean_aps: [0.26354242 0.91449938 0.97832828 0.94374828]. Best so far: 0 (epoch: 1).
[03.07.21|04:33:14] 	mean_mean_ap: 0.9657228077144518. Best so far: 0.8558536920059028 (epoch: 1).
[03.07.21|04:33:14] Time consumption:
[03.07.21|04:33:14] Done.
[03.07.21|04:33:14] Eval epoch: 47
[03.07.21|04:33:21] 	mean_loss: 3.5140813305264427. Best so far: 3.505790188198998 (epoch: 46).
[03.07.21|04:33:21] 	mean_aps: [0.09325397 0.65849584 0.76360271 0.64878874]. Best so far: 0 (epoch: 1).
[03.07.21|04:33:21] 	mean_mean_ap: 0.6816670865877215. Best so far: 0.8558536920059028 (epoch: 1).
[03.07.21|04:33:21] Done.
[03.07.21|04:33:21] Training epoch: 48
[03.07.21|04:33:41] 	Iter 9500 Done. | loss: 3.5125 | aps: [1. 1. 1. 1.] | mean_ap: 1.0000 | f1: 0.8023 | lr: 0.000953 | tr: 0.786154
[03.07.21|04:34:22] 	Iter 9600 Done. | loss: 3.4824 | aps: [0. 0. 1. 1.] | mean_ap: 1.0000 | f1: 0.4416 | lr: 0.000953 | tr: 0.786154
[03.07.21|04:34:44] 	mean_loss: 3.510213214128756. Best so far: 3.505790188198998 (epoch: 46).
[03.07.21|04:34:44] 	mean_aps: [0.29251873 0.88771668 0.96811977 0.94759278]. Best so far: 0 (epoch: 1).
[03.07.21|04:34:44] 	mean_mean_ap: 0.9595178632062117. Best so far: 0.8558536920059028 (epoch: 1).
[03.07.21|04:34:44] Time consumption:
[03.07.21|04:34:44] Done.
[03.07.21|04:34:44] Eval epoch: 48
[03.07.21|04:34:51] 	mean_loss: 3.517139514287313. Best so far: 3.505790188198998 (epoch: 46).
[03.07.21|04:34:51] 	mean_aps: [0.0564059  0.52994803 0.76090841 0.58739663]. Best so far: 0 (epoch: 1).
[03.07.21|04:34:51] 	mean_mean_ap: 0.668359468874397. Best so far: 0.8558536920059028 (epoch: 1).
[03.07.21|04:34:51] Done.
[03.07.21|04:34:51] Training epoch: 49
[03.07.21|04:35:11] 	Iter 9700 Done. | loss: 3.4786 | aps: [0.         0.83333333 1.         1.        ] | mean_ap: 0.9444 | f1: 0.5077 | lr: 0.000952 | tr: 0.782224
[03.07.21|04:35:53] 	Iter 9800 Done. | loss: 3.5369 | aps: [0.   1.   0.95 1.  ] | mean_ap: 0.9833 | f1: 0.5208 | lr: 0.000952 | tr: 0.782224
[03.07.21|04:36:13] 	mean_loss: 3.5098890870960835. Best so far: 3.505790188198998 (epoch: 46).
[03.07.21|04:36:13] 	mean_aps: [0.3250423  0.88064459 0.9637699  0.92613958]. Best so far: 0 (epoch: 1).
[03.07.21|04:36:13] 	mean_mean_ap: 0.9592843375866249. Best so far: 0.8558536920059028 (epoch: 1).
[03.07.21|04:36:13] Time consumption:
[03.07.21|04:36:13] Done.
[03.07.21|04:36:13] Eval epoch: 49
[03.07.21|04:36:20] 	mean_loss: 3.514882734843663. Best so far: 3.505790188198998 (epoch: 46).
[03.07.21|04:36:20] 	mean_aps: [0.0952381  0.517514   0.79962497 0.66273756]. Best so far: 0 (epoch: 1).
[03.07.21|04:36:20] 	mean_mean_ap: 0.6674113247284049. Best so far: 0.8558536920059028 (epoch: 1).
[03.07.21|04:36:20] Done.
[03.07.21|04:36:20] Training epoch: 50
[03.07.21|04:36:42] 	Iter 9900 Done. | loss: 3.5141 | aps: [1.         1.         0.94285714 1.        ] | mean_ap: 0.9857 | f1: 0.7131 | lr: 0.000951 | tr: 0.778313
[03.07.21|04:37:24] 	Iter 10000 Done. | loss: 3.5199 | aps: [1.         0.75555556 0.89761905 0.85555556] | mean_ap: 0.8772 | f1: 0.6658 | lr: 0.000951 | tr: 0.778313
[03.07.21|04:37:43] 	mean_loss: 3.510189484823779. Best so far: 3.505790188198998 (epoch: 46).
[03.07.21|04:37:43] 	mean_aps: [0.29906937 0.90040916 0.95691867 0.94550514]. Best so far: 0 (epoch: 1).
[03.07.21|04:37:43] 	mean_mean_ap: 0.9602077661959143. Best so far: 0.8558536920059028 (epoch: 1).
[03.07.21|04:37:43] Time consumption:
[03.07.21|04:37:43] Done.
[03.07.21|04:37:43] Eval epoch: 50
[03.07.21|04:37:50] 	mean_loss: 3.515016964503697. Best so far: 3.505790188198998 (epoch: 46).
[03.07.21|04:37:50] 	mean_aps: [0.08333333 0.640565   0.7814354  0.70398337]. Best so far: 0 (epoch: 1).
[03.07.21|04:37:50] 	mean_mean_ap: 0.7200007453144264. Best so far: 0.8558536920059028 (epoch: 1).
[03.07.21|04:37:50] Done.
[03.07.21|04:37:50] Training epoch: 51
[03.07.21|04:38:13] 	Iter 10100 Done. | loss: 3.4804 | aps: [1.         0.88333333 0.98333333 0.83035714] | mean_ap: 0.9243 | f1: 0.7424 | lr: 0.000950 | tr: 0.774421
[03.07.21|04:38:54] 	Iter 10200 Done. | loss: 3.5271 | aps: [0.    1.    0.925 1.   ] | mean_ap: 0.9750 | f1: 0.5119 | lr: 0.000950 | tr: 0.774421
[03.07.21|04:39:12] 	mean_loss: 3.510060321255989. Best so far: 3.505790188198998 (epoch: 46).
[03.07.21|04:39:12] 	mean_aps: [0.30668359 0.89925328 0.97494707 0.93527248]. Best so far: 0 (epoch: 1).
[03.07.21|04:39:12] 	mean_mean_ap: 0.9627347528044364. Best so far: 0.8558536920059028 (epoch: 1).
[03.07.21|04:39:12] Time consumption:
[03.07.21|04:39:12] Done.
[03.07.21|04:39:12] Eval epoch: 51
[03.07.21|04:39:19] 	mean_loss: 3.518886373156593. Best so far: 3.505790188198998 (epoch: 46).
[03.07.21|04:39:19] 	mean_aps: [0.07936508 0.54898131 0.83243299 0.70672061]. Best so far: 0 (epoch: 1).
[03.07.21|04:39:19] 	mean_mean_ap: 0.6951781450314615. Best so far: 0.8558536920059028 (epoch: 1).
[03.07.21|04:39:19] Done.
[03.07.21|04:39:19] Training epoch: 52
[03.07.21|04:39:43] 	Iter 10300 Done. | loss: 3.4785 | aps: [0. 1. 1. 0.] | mean_ap: 1.0000 | f1: 0.4391 | lr: 0.000949 | tr: 0.770549
[03.07.21|04:40:24] 	Iter 10400 Done. | loss: 3.5491 | aps: [0.         0.83333333 0.91666667 1.        ] | mean_ap: 0.9167 | f1: 0.5250 | lr: 0.000949 | tr: 0.770549
[03.07.21|04:40:41] 	mean_loss: 3.5106722013599376. Best so far: 3.505790188198998 (epoch: 46).
[03.07.21|04:40:41] 	mean_aps: [0.30076142 0.93569169 0.97843968 0.94813102]. Best so far: 0 (epoch: 1).
[03.07.21|04:40:41] 	mean_mean_ap: 0.9657763700979396. Best so far: 0.8558536920059028 (epoch: 1).
[03.07.21|04:40:41] Time consumption:
[03.07.21|04:40:41] Done.
[03.07.21|04:40:41] Eval epoch: 52
[03.07.21|04:40:48] 	mean_loss: 3.5154546215420677. Best so far: 3.505790188198998 (epoch: 46).
[03.07.21|04:40:48] 	mean_aps: [0.08900227 0.6280157  0.8094529  0.74596507]. Best so far: 0 (epoch: 1).
[03.07.21|04:40:48] 	mean_mean_ap: 0.7562773943953083. Best so far: 0.8558536920059028 (epoch: 1).
[03.07.21|04:40:48] Done.
[03.07.21|04:40:48] Training epoch: 53
[03.07.21|04:41:14] 	Iter 10500 Done. | loss: 3.5235 | aps: [0.         0.89285714 0.90285714 0.80952381] | mean_ap: 0.8684 | f1: 0.5604 | lr: 0.000948 | tr: 0.766696
[03.07.21|04:41:55] 	Iter 10600 Done. | loss: 3.5832 | aps: [0. 1. 1. 1.] | mean_ap: 1.0000 | f1: 0.5643 | lr: 0.000948 | tr: 0.766696
[03.07.21|04:42:10] 	mean_loss: 3.510841200194383. Best so far: 3.505790188198998 (epoch: 46).
[03.07.21|04:42:10] 	mean_aps: [0.31658206 0.90046059 0.97632644 0.94764697]. Best so far: 0 (epoch: 1).
[03.07.21|04:42:10] 	mean_mean_ap: 0.9636871826708714. Best so far: 0.8558536920059028 (epoch: 1).
[03.07.21|04:42:10] Time consumption:
[03.07.21|04:42:10] Done.
[03.07.21|04:42:10] Eval epoch: 53
Warning! Max label diff is 0.0006162524223327637
[03.07.21|04:42:17] 	mean_loss: 3.5150592781248546. Best so far: 3.505790188198998 (epoch: 46).
[03.07.21|04:42:17] 	mean_aps: [0.05839002 0.62885411 0.82640524 0.70042861]. Best so far: 0 (epoch: 1).
[03.07.21|04:42:17] 	mean_mean_ap: 0.7108311413678005. Best so far: 0.8558536920059028 (epoch: 1).
[03.07.21|04:42:17] Done.
[03.07.21|04:42:17] Training epoch: 54
[03.07.21|04:42:44] 	Iter 10700 Done. | loss: 3.5121 | aps: [0. 1. 1. 1.] | mean_ap: 1.0000 | f1: 0.6000 | lr: 0.000947 | tr: 0.762863
[03.07.21|04:43:25] 	Iter 10800 Done. | loss: 3.5132 | aps: [1. 1. 1. 1.] | mean_ap: 1.0000 | f1: 0.7131 | lr: 0.000947 | tr: 0.762863
[03.07.21|04:43:39] 	mean_loss: 3.5109241747008966. Best so far: 3.505790188198998 (epoch: 46).
[03.07.21|04:43:39] 	mean_aps: [0.31573604 0.94074218 0.97442276 0.94707516]. Best so far: 0 (epoch: 1).
[03.07.21|04:43:39] 	mean_mean_ap: 0.9655877177132515. Best so far: 0.8558536920059028 (epoch: 1).
[03.07.21|04:43:39] Time consumption:
[03.07.21|04:43:39] Done.
[03.07.21|04:43:39] Eval epoch: 54
[03.07.21|04:43:46] 	mean_loss: 3.5142673083714078. Best so far: 3.505790188198998 (epoch: 46).
[03.07.21|04:43:46] 	mean_aps: [0.10733182 0.5408634  0.78169878 0.76369578]. Best so far: 0 (epoch: 1).
[03.07.21|04:43:46] 	mean_mean_ap: 0.7466049120003201. Best so far: 0.8558536920059028 (epoch: 1).
[03.07.21|04:43:46] Done.
[03.07.21|04:43:46] Training epoch: 55
[03.07.21|04:44:14] 	Iter 10900 Done. | loss: 3.6257 | aps: [0. 1. 0. 1.] | mean_ap: 1.0000 | f1: 0.4500 | lr: 0.000946 | tr: 0.759048
[03.07.21|04:44:55] 	Iter 11000 Done. | loss: 3.5211 | aps: [0.         0.96666667 1.         1.        ] | mean_ap: 0.9889 | f1: 0.5798 | lr: 0.000946 | tr: 0.759048
[03.07.21|04:45:08] 	mean_loss: 3.512236304694626. Best so far: 3.505790188198998 (epoch: 46).
[03.07.21|04:45:08] 	mean_aps: [0.32320925 0.8941054  0.96890171 0.94818421]. Best so far: 0 (epoch: 1).
[03.07.21|04:45:08] 	mean_mean_ap: 0.9684814165584121. Best so far: 0.8558536920059028 (epoch: 1).
[03.07.21|04:45:08] Time consumption:
[03.07.21|04:45:08] Done.
[03.07.21|04:45:08] Eval epoch: 55
[03.07.21|04:45:14] 	mean_loss: 3.5206667128063382. Best so far: 3.505790188198998 (epoch: 46).
[03.07.21|04:45:14] 	mean_aps: [0.08492063 0.49824907 0.71045546 0.62269662]. Best so far: 0 (epoch: 1).
[03.07.21|04:45:14] 	mean_mean_ap: 0.6312627496485208. Best so far: 0.8558536920059028 (epoch: 1).
[03.07.21|04:45:14] Done.
[03.07.21|04:45:14] Training epoch: 56
[03.07.21|04:45:43] 	Iter 11100 Done. | loss: 3.5212 | aps: [1. 1. 1. 1.] | mean_ap: 1.0000 | f1: 0.7208 | lr: 0.000946 | tr: 0.755253
[03.07.21|04:46:24] 	Iter 11200 Done. | loss: 3.4964 | aps: [0.         0.91666667 1.         1.        ] | mean_ap: 0.9722 | f1: 0.6018 | lr: 0.000946 | tr: 0.755253
[03.07.21|04:46:36] 	mean_loss: 3.5131029465476873. Best so far: 3.505790188198998 (epoch: 46).
[03.07.21|04:46:36] 	mean_aps: [0.30414552 0.93376158 0.97782391 0.94678828]. Best so far: 0 (epoch: 1).
[03.07.21|04:46:36] 	mean_mean_ap: 0.9658093183592236. Best so far: 0.8558536920059028 (epoch: 1).
[03.07.21|04:46:36] Time consumption:
[03.07.21|04:46:36] Done.
[03.07.21|04:46:36] Eval epoch: 56
[03.07.21|04:46:43] 	mean_loss: 3.512849796385992. Best so far: 3.505790188198998 (epoch: 46).
[03.07.21|04:46:43] 	mean_aps: [0.19047619 0.69246504 0.84672112 0.77582776]. Best so far: 0 (epoch: 1).
[03.07.21|04:46:43] 	mean_mean_ap: 0.7817659629989561. Best so far: 0.8558536920059028 (epoch: 1).
[03.07.21|04:46:43] Done.
[03.07.21|04:46:43] Training epoch: 57
[03.07.21|04:47:13] 	Iter 11300 Done. | loss: 3.5230 | aps: [1.         0.91666667 0.9484127  0.97619048] | mean_ap: 0.9603 | f1: 0.8826 | lr: 0.000945 | tr: 0.751477
[03.07.21|04:47:55] 	Iter 11400 Done. | loss: 3.5246 | aps: [1.         1.         0.84805195 0.88571429] | mean_ap: 0.9334 | f1: 0.7218 | lr: 0.000945 | tr: 0.751477
